Successfully retrieved statistics for job: 740157. 
+------------------------------------------------------------------------------+
| GPU ID: 7                                                                    |
+====================================+=========================================+
|-----  Execution Stats  ------------+-----------------------------------------|
| Start Time                         | Wed Jan  8 11:34:55 2025                |
| End Time                           | Wed Jan  8 11:35:12 2025                |
| Total Execution Time (sec)         | 16.19                                   |
| No. of Processes                   | 1                                       |
+-----  Performance Stats  ----------+-----------------------------------------+
| Energy Consumed (Joules)           | 0                                       |
| Power Usage (Watts)                | Avg: 79.622, Max: 79.622, Min: 79.622   |
| Max GPU Memory Used (bytes)        | 0                                       |
| SM Clock (MHz)                     | Avg: 1410, Max: 1410, Min: 1410         |
| Memory Clock (MHz)                 | Avg: 1215, Max: 1215, Min: 1215         |
| SM Utilization (%)                 | Avg: 20, Max: 20, Min: 20               |
| Memory Utilization (%)             | Avg: 4, Max: 4, Min: 4                  |
| PCIe Rx Bandwidth (megabytes)      | Avg: N/A, Max: N/A, Min: N/A            |
| PCIe Tx Bandwidth (megabytes)      | Avg: N/A, Max: N/A, Min: N/A            |
+-----  Event Stats  ----------------+-----------------------------------------+
| Single Bit ECC Errors              | 0                                       |
| Double Bit ECC Errors              | Not Specified                           |
| PCIe Replay Warnings               | 0                                       |
| Critical XID Errors                | 0                                       |
+-----  Slowdown Stats  -------------+-----------------------------------------+
| Due to - Power (%)                 | Not Supported                           |
|        - Thermal (%)               | Not Supported                           |
|        - Reliability (%)           | Not Supported                           |
|        - Board Limit (%)           | Not Supported                           |
|        - Low Utilization (%)       | Not Supported                           |
|        - Sync Boost (%)            | Not Specified                           |
+--  Compute Process Utilization  ---+-----------------------------------------+
| PID                                | 1379933                                 |
|     Avg SM Utilization (%)         | Not Found                               |
|     Avg Memory Utilization (%)     | Not Found                               |
+-----  Overall Health  -------------+-----------------------------------------+
| Overall Health                     | Healthy                                 |
+------------------------------------+-----------------------------------------+

