Successfully retrieved statistics for job: 741116. 
+------------------------------------------------------------------------------+
| GPU ID: 5                                                                    |
+====================================+=========================================+
|-----  Execution Stats  ------------+-----------------------------------------|
| Start Time                         | Fri Jan 10 13:42:40 2025                |
| End Time                           | Fri Jan 10 13:45:13 2025                |
| Total Execution Time (sec)         | 153.34                                  |
| No. of Processes                   | 1                                       |
+-----  Performance Stats  ----------+-----------------------------------------+
| Energy Consumed (Joules)           | 8587                                    |
| Power Usage (Watts)                | Avg: 80.0246, Max: 87.463, Min: 62.563  |
| Max GPU Memory Used (bytes)        | 3399483392                              |
| SM Clock (MHz)                     | Avg: 1095, Max: 1095, Min: 1095         |
| Memory Clock (MHz)                 | Avg: 1215, Max: 1215, Min: 1215         |
| SM Utilization (%)                 | Avg: 13, Max: 39, Min: 0                |
| Memory Utilization (%)             | Avg: 6, Max: 16, Min: 0                 |
| PCIe Rx Bandwidth (megabytes)      | Avg: N/A, Max: N/A, Min: N/A            |
| PCIe Tx Bandwidth (megabytes)      | Avg: N/A, Max: N/A, Min: N/A            |
+-----  Event Stats  ----------------+-----------------------------------------+
| Single Bit ECC Errors              | 0                                       |
| Double Bit ECC Errors              | 0                                       |
| PCIe Replay Warnings               | 0                                       |
| Critical XID Errors                | 0                                       |
+-----  Slowdown Stats  -------------+-----------------------------------------+
| Due to - Power (%)                 | 0                                       |
|        - Thermal (%)               | 0                                       |
|        - Reliability (%)           | Not Supported                           |
|        - Board Limit (%)           | Not Supported                           |
|        - Low Utilization (%)       | Not Supported                           |
|        - Sync Boost (%)            | 0                                       |
+--  Compute Process Utilization  ---+-----------------------------------------+
| PID                                | 2187410                                 |
|     Avg SM Utilization (%)         | 14                                      |
|     Avg Memory Utilization (%)     | 4                                       |
+-----  Overall Health  -------------+-----------------------------------------+
| Overall Health                     | Healthy                                 |
+------------------------------------+-----------------------------------------+

