Successfully retrieved statistics for job: 741158. 
+------------------------------------------------------------------------------+
| GPU ID: 1                                                                    |
+====================================+=========================================+
|-----  Execution Stats  ------------+-----------------------------------------|
| Start Time                         | Fri Jan 10 15:10:03 2025                |
| End Time                           | Fri Jan 10 15:10:19 2025                |
| Total Execution Time (sec)         | 16.25                                   |
| No. of Processes                   | 1                                       |
+-----  Performance Stats  ----------+-----------------------------------------+
| Energy Consumed (Joules)           | 0                                       |
| Power Usage (Watts)                | Avg: 60.396, Max: 60.396, Min: 60.396   |
| Max GPU Memory Used (bytes)        | 0                                       |
| SM Clock (MHz)                     | Avg: 0, Max: 0, Min: 0                  |
| Memory Clock (MHz)                 | Avg: 1215, Max: 1215, Min: 1215         |
| SM Utilization (%)                 | Avg: 0, Max: 0, Min: 0                  |
| Memory Utilization (%)             | Avg: 0, Max: 0, Min: 0                  |
| PCIe Rx Bandwidth (megabytes)      | Avg: 0, Max: 0, Min: 0                  |
| PCIe Tx Bandwidth (megabytes)      | Avg: 0, Max: 0, Min: 0                  |
+-----  Event Stats  ----------------+-----------------------------------------+
| Single Bit ECC Errors              | 0                                       |
| Double Bit ECC Errors              | Not Specified                           |
| PCIe Replay Warnings               | Not Specified                           |
| Critical XID Errors                | 1                                       |
| XID (Hr:Min:Sec since start)       | 0:00:14                                 |
+-----  Slowdown Stats  -------------+-----------------------------------------+
| Due to - Power (%)                 | Not Supported                           |
|        - Thermal (%)               | Not Supported                           |
|        - Reliability (%)           | Not Supported                           |
|        - Board Limit (%)           | Not Supported                           |
|        - Low Utilization (%)       | Not Supported                           |
|        - Sync Boost (%)            | Not Specified                           |
+--  Compute Process Utilization  ---+-----------------------------------------+
| PID                                | 3012078                                 |
|     Avg SM Utilization (%)         | Not Found                               |
|     Avg Memory Utilization (%)     | Not Found                               |
+-----  Overall Health  -------------+-----------------------------------------+
| Overall Health                     | Healthy                                 |
+------------------------------------+-----------------------------------------+

