Successfully retrieved statistics for job: 740258. 
+------------------------------------------------------------------------------+
| GPU ID: 4                                                                    |
+====================================+=========================================+
|-----  Execution Stats  ------------+-----------------------------------------|
| Start Time                         | Wed Jan  8 15:16:46 2025                |
| End Time                           | Wed Jan  8 15:18:47 2025                |
| Total Execution Time (sec)         | 121.28                                  |
| No. of Processes                   | 1                                       |
+-----  Performance Stats  ----------+-----------------------------------------+
| Energy Consumed (Joules)           | 6963                                    |
| Power Usage (Watts)                | Avg: 66.7428, Max: 68.652, Min: 61.667  |
| Max GPU Memory Used (bytes)        | 3399483392                              |
| SM Clock (MHz)                     | Avg: 1218, Max: 1410, Min: 1155         |
| Memory Clock (MHz)                 | Avg: 1593, Max: 1593, Min: 1593         |
| SM Utilization (%)                 | Avg: 22, Max: 71, Min: 0                |
| Memory Utilization (%)             | Avg: 8, Max: 30, Min: 0                 |
| PCIe Rx Bandwidth (megabytes)      | Avg: N/A, Max: N/A, Min: N/A            |
| PCIe Tx Bandwidth (megabytes)      | Avg: N/A, Max: N/A, Min: N/A            |
+-----  Event Stats  ----------------+-----------------------------------------+
| Single Bit ECC Errors              | 0                                       |
| Double Bit ECC Errors              | 0                                       |
| PCIe Replay Warnings               | 0                                       |
| Critical XID Errors                | 0                                       |
+-----  Slowdown Stats  -------------+-----------------------------------------+
| Due to - Power (%)                 | 0                                       |
|        - Thermal (%)               | 0                                       |
|        - Reliability (%)           | Not Supported                           |
|        - Board Limit (%)           | Not Supported                           |
|        - Low Utilization (%)       | Not Supported                           |
|        - Sync Boost (%)            | 0                                       |
+--  Compute Process Utilization  ---+-----------------------------------------+
| PID                                | 2903342                                 |
|     Avg SM Utilization (%)         | 16                                      |
|     Avg Memory Utilization (%)     | 5                                       |
+-----  Overall Health  -------------+-----------------------------------------+
| Overall Health                     | Healthy                                 |
+------------------------------------+-----------------------------------------+

