/gpfs/mariana/home/akkusu/TBT-practice/TBT_for_VGG.py:338: SyntaxWarning: "is" with a literal. Did you mean "=="?
  if attack_method is 'fgsm':
/gpfs/mariana/home/akkusu/TBT-practice/TBT_for_VGG.py:340: SyntaxWarning: "is" with a literal. Did you mean "=="?
  elif attack_method is 'pgd':
/gpfs/mariana/home/akkusu/TBT-practice/TBT_for_VGG.py:350: SyntaxWarning: "is" with a literal. Did you mean "=="?
  if attack_method is 'fgsm':
/gpfs/mariana/home/akkusu/TBT-practice/TBT_for_VGG.py:305: FutureWarning: You are using `torch.load` with `weights_only=False` (the current default value), which uses the default pickle module implicitly. It is possible to construct malicious pickle data which will execute arbitrary code during unpickling (See https://github.com/pytorch/pytorch/blob/main/SECURITY.md#untrusted-models for more details). In a future release, the default value for `weights_only` will be flipped to `True`. This limits the functions that could be executed during unpickling. Arbitrary objects will no longer be allowed to be loaded via this mode unless they are explicitly allowlisted by the user via `torch.serialization.add_safe_globals`. We recommend you start setting `weights_only=True` for any use case where you don't have full control of the loaded file. Please open an issue on GitHub for any issues related to this experimental feature.
  vgg_weights = torch.load('vgg16-183-best.pth')
==> Preparing data..
==> Preparing data..
Files already downloaded and verified
Files already downloaded and verified
CUDA ensabled.
Found tar in layer: 1.classifier.0 tensor([  0,   1,   2,   3,   4,   5,   6,   7,   8,   9,  10,  11,  12,  13,
         14,  15,  16,  17,  18,  19,  20,  21,  22,  23,  24,  25,  26,  27,
         28,  29,  30,  31,  32,  33,  34,  35,  36,  37,  38,  39,  40,  41,
         42,  43,  44,  45,  46,  47,  48,  49,  50,  51,  52,  53,  54,  55,
         56,  57,  58,  59,  60,  61,  62,  63,  64,  65,  66,  67,  68,  69,
         70,  71,  72,  73,  74,  75,  76,  77,  78,  79,  80,  81,  82,  83,
         84,  85,  86,  87,  88,  89,  90,  91,  92,  93,  94,  95,  96,  97,
         98,  99, 100, 101, 102, 103, 104, 105, 106, 107, 108, 109, 110, 111,
        112, 113, 114, 115, 116, 117, 118, 119, 120, 121, 122, 123, 124, 125,
        126, 127, 128, 129, 130, 131, 132, 133, 134, 135, 136, 137, 138, 139,
        140, 141, 142, 143, 144, 145, 146, 147, 148, 149], device='cuda:0')
Found tar in layer: 1.classifier.3 tensor([1746, 1175,  566,  821, 1865, 1799, 1626,  486, 2450, 1762,  295,  458,
         512, 1642, 2128, 1549, 2304, 1959, 2391, 4062, 3764, 2772,  694, 4080,
         400, 2620, 2798, 1051,  442, 2881, 2503, 1117, 3490, 2195, 3499, 1838,
         754, 3474, 3816, 1831,  315,  292, 3191, 2443, 3055, 2512, 3253, 1905,
        3146,  829,  777, 2697, 1381,  449, 1214, 2074, 2448,  268, 2184, 4002,
        3314, 3673, 2625, 2551, 2605, 1899, 1139, 3068,  710, 1650, 3668,  122,
         351, 2956,  719, 3489, 3178, 1696, 1898, 1076,  747,  160,  617,  528,
         993, 2434, 3149,   17, 2317, 3826, 1038,   68,  792, 1968, 3127, 1659,
        4084, 3926, 3155, 3868,  429,  942, 2472, 1088, 3432,  547, 3358, 1313,
        1861,  218, 2791, 1201, 3747, 2032, 3000,  898,  789,  286, 3637, 2224,
        2866, 1142, 2546, 2818,  322, 1803, 3089, 3124, 1643,  679,  998,  589,
         899, 2331, 2794, 2826, 3708, 2986,    3, 3649, 4028, 1947,  608, 2817,
        4036, 1212, 3571,  551, 1750, 1084], device='cuda:0')
Found tar in layer: 1.classifier.6 tensor([2371, 1391, 3822,  277,  885, 2008, 1197,  122, 3934, 3280, 2365, 1107,
        3005, 2722,  411, 3704, 3022, 2595, 1070,   80, 2560, 1561,  607, 2817,
        1082,  202, 1300, 1719, 3839, 3973, 3014,  674,  254, 2646, 2295,  690,
        2927, 2754, 2489, 3745,  898, 1301,  659, 3589, 1013, 1812, 3736, 3810,
        1111,  686, 3111, 1146, 4004, 3528, 3884, 3106, 3611,  133, 2965, 3964,
        2461,  608, 3202, 1697, 2858, 1602,  440, 3306, 2262, 2357, 4033,  423,
        1568,  505, 3212, 3885,  143, 1477, 1815, 2231,  731, 2728, 2613, 3282,
         907, 3659,  876, 3474, 3782, 2075, 4013,  146, 1351, 3790,   91,   20,
         756, 1298, 1448,  938, 1092, 1625, 2232, 2672,  589, 3281,  401, 2992,
         208, 2991,  855, 1936,  224, 3010, 2306, 3939, 3689,  152,  497, 3603,
        4027, 3042,  318, 4093, 2698, 1945, 3133, 3414, 1403, 3861, 1263, 2979,
        3533, 1977,  946,  244, 2292, 2505, 1356, 2335, 2917, 2062, 3295, 2395,
        1069, 3201,  406, 3590, 2866, 2534], device='cuda:0')
Traceback (most recent call last):
  File "/gpfs/mariana/home/akkusu/TBT-practice/TBT_for_VGG.py", line 495, in <module>
    x_tri=model_attack.attack_method(
          ^^^^^^^^^^^^^^^^^^^^^^^^^^^
  File "/gpfs/mariana/home/akkusu/TBT-practice/TBT_for_VGG.py", line 392, in fgsm
    target_2d[:, tar] = high                # force logit 'tar' to be 'high'
    ~~~~~~~~~^^^^^^^^
IndexError: tensors used as indices must be long, int, byte or bool tensors
../aten/src/ATen/native/cuda/IndexKernel.cu:93: operator(): block: [0,0,0], thread: [96,0,0] Assertion `-sizes[i] <= index && index < sizes[i] && "index out of bounds"` failed.
../aten/src/ATen/native/cuda/IndexKernel.cu:93: operator(): block: [0,0,0], thread: [97,0,0] Assertion `-sizes[i] <= index && index < sizes[i] && "index out of bounds"` failed.
../aten/src/ATen/native/cuda/IndexKernel.cu:93: operator(): block: [0,0,0], thread: [98,0,0] Assertion `-sizes[i] <= index && index < sizes[i] && "index out of bounds"` failed.
../aten/src/ATen/native/cuda/IndexKernel.cu:93: operator(): block: [0,0,0], thread: [99,0,0] Assertion `-sizes[i] <= index && index < sizes[i] && "index out of bounds"` failed.
../aten/src/ATen/native/cuda/IndexKernel.cu:93: operator(): block: [0,0,0], thread: [100,0,0] Assertion `-sizes[i] <= index && index < sizes[i] && "index out of bounds"` failed.
../aten/src/ATen/native/cuda/IndexKernel.cu:93: operator(): block: [0,0,0], thread: [101,0,0] Assertion `-sizes[i] <= index && index < sizes[i] && "index out of bounds"` failed.
../aten/src/ATen/native/cuda/IndexKernel.cu:93: operator(): block: [0,0,0], thread: [102,0,0] Assertion `-sizes[i] <= index && index < sizes[i] && "index out of bounds"` failed.
../aten/src/ATen/native/cuda/IndexKernel.cu:93: operator(): block: [0,0,0], thread: [103,0,0] Assertion `-sizes[i] <= index && index < sizes[i] && "index out of bounds"` failed.
../aten/src/ATen/native/cuda/IndexKernel.cu:93: operator(): block: [0,0,0], thread: [104,0,0] Assertion `-sizes[i] <= index && index < sizes[i] && "index out of bounds"` failed.
../aten/src/ATen/native/cuda/IndexKernel.cu:93: operator(): block: [0,0,0], thread: [105,0,0] Assertion `-sizes[i] <= index && index < sizes[i] && "index out of bounds"` failed.
../aten/src/ATen/native/cuda/IndexKernel.cu:93: operator(): block: [0,0,0], thread: [106,0,0] Assertion `-sizes[i] <= index && index < sizes[i] && "index out of bounds"` failed.
../aten/src/ATen/native/cuda/IndexKernel.cu:93: operator(): block: [0,0,0], thread: [107,0,0] Assertion `-sizes[i] <= index && index < sizes[i] && "index out of bounds"` failed.
../aten/src/ATen/native/cuda/IndexKernel.cu:93: operator(): block: [0,0,0], thread: [108,0,0] Assertion `-sizes[i] <= index && index < sizes[i] && "index out of bounds"` failed.
../aten/src/ATen/native/cuda/IndexKernel.cu:93: operator(): block: [0,0,0], thread: [109,0,0] Assertion `-sizes[i] <= index && index < sizes[i] && "index out of bounds"` failed.
../aten/src/ATen/native/cuda/IndexKernel.cu:93: operator(): block: [0,0,0], thread: [110,0,0] Assertion `-sizes[i] <= index && index < sizes[i] && "index out of bounds"` failed.
../aten/src/ATen/native/cuda/IndexKernel.cu:93: operator(): block: [0,0,0], thread: [111,0,0] Assertion `-sizes[i] <= index && index < sizes[i] && "index out of bounds"` failed.
../aten/src/ATen/native/cuda/IndexKernel.cu:93: operator(): block: [0,0,0], thread: [112,0,0] Assertion `-sizes[i] <= index && index < sizes[i] && "index out of bounds"` failed.
../aten/src/ATen/native/cuda/IndexKernel.cu:93: operator(): block: [0,0,0], thread: [113,0,0] Assertion `-sizes[i] <= index && index < sizes[i] && "index out of bounds"` failed.
../aten/src/ATen/native/cuda/IndexKernel.cu:93: operator(): block: [0,0,0], thread: [114,0,0] Assertion `-sizes[i] <= index && index < sizes[i] && "index out of bounds"` failed.
../aten/src/ATen/native/cuda/IndexKernel.cu:93: operator(): block: [0,0,0], thread: [115,0,0] Assertion `-sizes[i] <= index && index < sizes[i] && "index out of bounds"` failed.
../aten/src/ATen/native/cuda/IndexKernel.cu:93: operator(): block: [0,0,0], thread: [116,0,0] Assertion `-sizes[i] <= index && index < sizes[i] && "index out of bounds"` failed.
../aten/src/ATen/native/cuda/IndexKernel.cu:93: operator(): block: [0,0,0], thread: [117,0,0] Assertion `-sizes[i] <= index && index < sizes[i] && "index out of bounds"` failed.
../aten/src/ATen/native/cuda/IndexKernel.cu:93: operator(): block: [0,0,0], thread: [118,0,0] Assertion `-sizes[i] <= index && index < sizes[i] && "index out of bounds"` failed.
../aten/src/ATen/native/cuda/IndexKernel.cu:93: operator(): block: [0,0,0], thread: [119,0,0] Assertion `-sizes[i] <= index && index < sizes[i] && "index out of bounds"` failed.
../aten/src/ATen/native/cuda/IndexKernel.cu:93: operator(): block: [0,0,0], thread: [120,0,0] Assertion `-sizes[i] <= index && index < sizes[i] && "index out of bounds"` failed.
../aten/src/ATen/native/cuda/IndexKernel.cu:93: operator(): block: [0,0,0], thread: [121,0,0] Assertion `-sizes[i] <= index && index < sizes[i] && "index out of bounds"` failed.
../aten/src/ATen/native/cuda/IndexKernel.cu:93: operator(): block: [0,0,0], thread: [122,0,0] Assertion `-sizes[i] <= index && index < sizes[i] && "index out of bounds"` failed.
../aten/src/ATen/native/cuda/IndexKernel.cu:93: operator(): block: [0,0,0], thread: [123,0,0] Assertion `-sizes[i] <= index && index < sizes[i] && "index out of bounds"` failed.
../aten/src/ATen/native/cuda/IndexKernel.cu:93: operator(): block: [0,0,0], thread: [124,0,0] Assertion `-sizes[i] <= index && index < sizes[i] && "index out of bounds"` failed.
../aten/src/ATen/native/cuda/IndexKernel.cu:93: operator(): block: [0,0,0], thread: [125,0,0] Assertion `-sizes[i] <= index && index < sizes[i] && "index out of bounds"` failed.
../aten/src/ATen/native/cuda/IndexKernel.cu:93: operator(): block: [0,0,0], thread: [126,0,0] Assertion `-sizes[i] <= index && index < sizes[i] && "index out of bounds"` failed.
../aten/src/ATen/native/cuda/IndexKernel.cu:93: operator(): block: [0,0,0], thread: [127,0,0] Assertion `-sizes[i] <= index && index < sizes[i] && "index out of bounds"` failed.
../aten/src/ATen/native/cuda/IndexKernel.cu:93: operator(): block: [0,0,0], thread: [64,0,0] Assertion `-sizes[i] <= index && index < sizes[i] && "index out of bounds"` failed.
../aten/src/ATen/native/cuda/IndexKernel.cu:93: operator(): block: [0,0,0], thread: [65,0,0] Assertion `-sizes[i] <= index && index < sizes[i] && "index out of bounds"` failed.
../aten/src/ATen/native/cuda/IndexKernel.cu:93: operator(): block: [0,0,0], thread: [66,0,0] Assertion `-sizes[i] <= index && index < sizes[i] && "index out of bounds"` failed.
../aten/src/ATen/native/cuda/IndexKernel.cu:93: operator(): block: [0,0,0], thread: [67,0,0] Assertion `-sizes[i] <= index && index < sizes[i] && "index out of bounds"` failed.
../aten/src/ATen/native/cuda/IndexKernel.cu:93: operator(): block: [0,0,0], thread: [68,0,0] Assertion `-sizes[i] <= index && index < sizes[i] && "index out of bounds"` failed.
../aten/src/ATen/native/cuda/IndexKernel.cu:93: operator(): block: [0,0,0], thread: [69,0,0] Assertion `-sizes[i] <= index && index < sizes[i] && "index out of bounds"` failed.
../aten/src/ATen/native/cuda/IndexKernel.cu:93: operator(): block: [0,0,0], thread: [70,0,0] Assertion `-sizes[i] <= index && index < sizes[i] && "index out of bounds"` failed.
../aten/src/ATen/native/cuda/IndexKernel.cu:93: operator(): block: [0,0,0], thread: [71,0,0] Assertion `-sizes[i] <= index && index < sizes[i] && "index out of bounds"` failed.
../aten/src/ATen/native/cuda/IndexKernel.cu:93: operator(): block: [0,0,0], thread: [72,0,0] Assertion `-sizes[i] <= index && index < sizes[i] && "index out of bounds"` failed.
../aten/src/ATen/native/cuda/IndexKernel.cu:93: operator(): block: [0,0,0], thread: [73,0,0] Assertion `-sizes[i] <= index && index < sizes[i] && "index out of bounds"` failed.
../aten/src/ATen/native/cuda/IndexKernel.cu:93: operator(): block: [0,0,0], thread: [74,0,0] Assertion `-sizes[i] <= index && index < sizes[i] && "index out of bounds"` failed.
../aten/src/ATen/native/cuda/IndexKernel.cu:93: operator(): block: [0,0,0], thread: [75,0,0] Assertion `-sizes[i] <= index && index < sizes[i] && "index out of bounds"` failed.
../aten/src/ATen/native/cuda/IndexKernel.cu:93: operator(): block: [0,0,0], thread: [76,0,0] Assertion `-sizes[i] <= index && index < sizes[i] && "index out of bounds"` failed.
../aten/src/ATen/native/cuda/IndexKernel.cu:93: operator(): block: [0,0,0], thread: [77,0,0] Assertion `-sizes[i] <= index && index < sizes[i] && "index out of bounds"` failed.
../aten/src/ATen/native/cuda/IndexKernel.cu:93: operator(): block: [0,0,0], thread: [78,0,0] Assertion `-sizes[i] <= index && index < sizes[i] && "index out of bounds"` failed.
../aten/src/ATen/native/cuda/IndexKernel.cu:93: operator(): block: [0,0,0], thread: [79,0,0] Assertion `-sizes[i] <= index && index < sizes[i] && "index out of bounds"` failed.
../aten/src/ATen/native/cuda/IndexKernel.cu:93: operator(): block: [0,0,0], thread: [80,0,0] Assertion `-sizes[i] <= index && index < sizes[i] && "index out of bounds"` failed.
../aten/src/ATen/native/cuda/IndexKernel.cu:93: operator(): block: [0,0,0], thread: [81,0,0] Assertion `-sizes[i] <= index && index < sizes[i] && "index out of bounds"` failed.
../aten/src/ATen/native/cuda/IndexKernel.cu:93: operator(): block: [0,0,0], thread: [82,0,0] Assertion `-sizes[i] <= index && index < sizes[i] && "index out of bounds"` failed.
../aten/src/ATen/native/cuda/IndexKernel.cu:93: operator(): block: [0,0,0], thread: [83,0,0] Assertion `-sizes[i] <= index && index < sizes[i] && "index out of bounds"` failed.
../aten/src/ATen/native/cuda/IndexKernel.cu:93: operator(): block: [0,0,0], thread: [84,0,0] Assertion `-sizes[i] <= index && index < sizes[i] && "index out of bounds"` failed.
../aten/src/ATen/native/cuda/IndexKernel.cu:93: operator(): block: [0,0,0], thread: [85,0,0] Assertion `-sizes[i] <= index && index < sizes[i] && "index out of bounds"` failed.
../aten/src/ATen/native/cuda/IndexKernel.cu:93: operator(): block: [0,0,0], thread: [86,0,0] Assertion `-sizes[i] <= index && index < sizes[i] && "index out of bounds"` failed.
../aten/src/ATen/native/cuda/IndexKernel.cu:93: operator(): block: [0,0,0], thread: [87,0,0] Assertion `-sizes[i] <= index && index < sizes[i] && "index out of bounds"` failed.
../aten/src/ATen/native/cuda/IndexKernel.cu:93: operator(): block: [0,0,0], thread: [88,0,0] Assertion `-sizes[i] <= index && index < sizes[i] && "index out of bounds"` failed.
../aten/src/ATen/native/cuda/IndexKernel.cu:93: operator(): block: [0,0,0], thread: [89,0,0] Assertion `-sizes[i] <= index && index < sizes[i] && "index out of bounds"` failed.
../aten/src/ATen/native/cuda/IndexKernel.cu:93: operator(): block: [0,0,0], thread: [90,0,0] Assertion `-sizes[i] <= index && index < sizes[i] && "index out of bounds"` failed.
../aten/src/ATen/native/cuda/IndexKernel.cu:93: operator(): block: [0,0,0], thread: [91,0,0] Assertion `-sizes[i] <= index && index < sizes[i] && "index out of bounds"` failed.
../aten/src/ATen/native/cuda/IndexKernel.cu:93: operator(): block: [0,0,0], thread: [92,0,0] Assertion `-sizes[i] <= index && index < sizes[i] && "index out of bounds"` failed.
../aten/src/ATen/native/cuda/IndexKernel.cu:93: operator(): block: [0,0,0], thread: [93,0,0] Assertion `-sizes[i] <= index && index < sizes[i] && "index out of bounds"` failed.
../aten/src/ATen/native/cuda/IndexKernel.cu:93: operator(): block: [0,0,0], thread: [94,0,0] Assertion `-sizes[i] <= index && index < sizes[i] && "index out of bounds"` failed.
../aten/src/ATen/native/cuda/IndexKernel.cu:93: operator(): block: [0,0,0], thread: [95,0,0] Assertion `-sizes[i] <= index && index < sizes[i] && "index out of bounds"` failed.
../aten/src/ATen/native/cuda/IndexKernel.cu:93: operator(): block: [0,0,0], thread: [0,0,0] Assertion `-sizes[i] <= index && index < sizes[i] && "index out of bounds"` failed.
../aten/src/ATen/native/cuda/IndexKernel.cu:93: operator(): block: [0,0,0], thread: [1,0,0] Assertion `-sizes[i] <= index && index < sizes[i] && "index out of bounds"` failed.
../aten/src/ATen/native/cuda/IndexKernel.cu:93: operator(): block: [0,0,0], thread: [2,0,0] Assertion `-sizes[i] <= index && index < sizes[i] && "index out of bounds"` failed.
../aten/src/ATen/native/cuda/IndexKernel.cu:93: operator(): block: [0,0,0], thread: [3,0,0] Assertion `-sizes[i] <= index && index < sizes[i] && "index out of bounds"` failed.
../aten/src/ATen/native/cuda/IndexKernel.cu:93: operator(): block: [0,0,0], thread: [4,0,0] Assertion `-sizes[i] <= index && index < sizes[i] && "index out of bounds"` failed.
../aten/src/ATen/native/cuda/IndexKernel.cu:93: operator(): block: [0,0,0], thread: [5,0,0] Assertion `-sizes[i] <= index && index < sizes[i] && "index out of bounds"` failed.
../aten/src/ATen/native/cuda/IndexKernel.cu:93: operator(): block: [0,0,0], thread: [6,0,0] Assertion `-sizes[i] <= index && index < sizes[i] && "index out of bounds"` failed.
../aten/src/ATen/native/cuda/IndexKernel.cu:93: operator(): block: [0,0,0], thread: [7,0,0] Assertion `-sizes[i] <= index && index < sizes[i] && "index out of bounds"` failed.
../aten/src/ATen/native/cuda/IndexKernel.cu:93: operator(): block: [0,0,0], thread: [8,0,0] Assertion `-sizes[i] <= index && index < sizes[i] && "index out of bounds"` failed.
../aten/src/ATen/native/cuda/IndexKernel.cu:93: operator(): block: [0,0,0], thread: [9,0,0] Assertion `-sizes[i] <= index && index < sizes[i] && "index out of bounds"` failed.
../aten/src/ATen/native/cuda/IndexKernel.cu:93: operator(): block: [0,0,0], thread: [10,0,0] Assertion `-sizes[i] <= index && index < sizes[i] && "index out of bounds"` failed.
../aten/src/ATen/native/cuda/IndexKernel.cu:93: operator(): block: [0,0,0], thread: [11,0,0] Assertion `-sizes[i] <= index && index < sizes[i] && "index out of bounds"` failed.
../aten/src/ATen/native/cuda/IndexKernel.cu:93: operator(): block: [0,0,0], thread: [12,0,0] Assertion `-sizes[i] <= index && index < sizes[i] && "index out of bounds"` failed.
../aten/src/ATen/native/cuda/IndexKernel.cu:93: operator(): block: [0,0,0], thread: [13,0,0] Assertion `-sizes[i] <= index && index < sizes[i] && "index out of bounds"` failed.
../aten/src/ATen/native/cuda/IndexKernel.cu:93: operator(): block: [0,0,0], thread: [14,0,0] Assertion `-sizes[i] <= index && index < sizes[i] && "index out of bounds"` failed.
../aten/src/ATen/native/cuda/IndexKernel.cu:93: operator(): block: [0,0,0], thread: [15,0,0] Assertion `-sizes[i] <= index && index < sizes[i] && "index out of bounds"` failed.
../aten/src/ATen/native/cuda/IndexKernel.cu:93: operator(): block: [0,0,0], thread: [16,0,0] Assertion `-sizes[i] <= index && index < sizes[i] && "index out of bounds"` failed.
../aten/src/ATen/native/cuda/IndexKernel.cu:93: operator(): block: [0,0,0], thread: [17,0,0] Assertion `-sizes[i] <= index && index < sizes[i] && "index out of bounds"` failed.
../aten/src/ATen/native/cuda/IndexKernel.cu:93: operator(): block: [0,0,0], thread: [18,0,0] Assertion `-sizes[i] <= index && index < sizes[i] && "index out of bounds"` failed.
../aten/src/ATen/native/cuda/IndexKernel.cu:93: operator(): block: [0,0,0], thread: [19,0,0] Assertion `-sizes[i] <= index && index < sizes[i] && "index out of bounds"` failed.
../aten/src/ATen/native/cuda/IndexKernel.cu:93: operator(): block: [0,0,0], thread: [20,0,0] Assertion `-sizes[i] <= index && index < sizes[i] && "index out of bounds"` failed.
../aten/src/ATen/native/cuda/IndexKernel.cu:93: operator(): block: [0,0,0], thread: [21,0,0] Assertion `-sizes[i] <= index && index < sizes[i] && "index out of bounds"` failed.
../aten/src/ATen/native/cuda/IndexKernel.cu:93: operator(): block: [0,0,0], thread: [22,0,0] Assertion `-sizes[i] <= index && index < sizes[i] && "index out of bounds"` failed.
../aten/src/ATen/native/cuda/IndexKernel.cu:93: operator(): block: [0,0,0], thread: [23,0,0] Assertion `-sizes[i] <= index && index < sizes[i] && "index out of bounds"` failed.
../aten/src/ATen/native/cuda/IndexKernel.cu:93: operator(): block: [0,0,0], thread: [24,0,0] Assertion `-sizes[i] <= index && index < sizes[i] && "index out of bounds"` failed.
../aten/src/ATen/native/cuda/IndexKernel.cu:93: operator(): block: [0,0,0], thread: [25,0,0] Assertion `-sizes[i] <= index && index < sizes[i] && "index out of bounds"` failed.
../aten/src/ATen/native/cuda/IndexKernel.cu:93: operator(): block: [0,0,0], thread: [26,0,0] Assertion `-sizes[i] <= index && index < sizes[i] && "index out of bounds"` failed.
../aten/src/ATen/native/cuda/IndexKernel.cu:93: operator(): block: [0,0,0], thread: [27,0,0] Assertion `-sizes[i] <= index && index < sizes[i] && "index out of bounds"` failed.
../aten/src/ATen/native/cuda/IndexKernel.cu:93: operator(): block: [0,0,0], thread: [28,0,0] Assertion `-sizes[i] <= index && index < sizes[i] && "index out of bounds"` failed.
../aten/src/ATen/native/cuda/IndexKernel.cu:93: operator(): block: [0,0,0], thread: [29,0,0] Assertion `-sizes[i] <= index && index < sizes[i] && "index out of bounds"` failed.
../aten/src/ATen/native/cuda/IndexKernel.cu:93: operator(): block: [0,0,0], thread: [30,0,0] Assertion `-sizes[i] <= index && index < sizes[i] && "index out of bounds"` failed.
../aten/src/ATen/native/cuda/IndexKernel.cu:93: operator(): block: [0,0,0], thread: [31,0,0] Assertion `-sizes[i] <= index && index < sizes[i] && "index out of bounds"` failed.
../aten/src/ATen/native/cuda/IndexKernel.cu:93: operator(): block: [0,0,0], thread: [32,0,0] Assertion `-sizes[i] <= index && index < sizes[i] && "index out of bounds"` failed.
../aten/src/ATen/native/cuda/IndexKernel.cu:93: operator(): block: [0,0,0], thread: [33,0,0] Assertion `-sizes[i] <= index && index < sizes[i] && "index out of bounds"` failed.
../aten/src/ATen/native/cuda/IndexKernel.cu:93: operator(): block: [0,0,0], thread: [34,0,0] Assertion `-sizes[i] <= index && index < sizes[i] && "index out of bounds"` failed.
../aten/src/ATen/native/cuda/IndexKernel.cu:93: operator(): block: [0,0,0], thread: [35,0,0] Assertion `-sizes[i] <= index && index < sizes[i] && "index out of bounds"` failed.
../aten/src/ATen/native/cuda/IndexKernel.cu:93: operator(): block: [0,0,0], thread: [36,0,0] Assertion `-sizes[i] <= index && index < sizes[i] && "index out of bounds"` failed.
../aten/src/ATen/native/cuda/IndexKernel.cu:93: operator(): block: [0,0,0], thread: [37,0,0] Assertion `-sizes[i] <= index && index < sizes[i] && "index out of bounds"` failed.
../aten/src/ATen/native/cuda/IndexKernel.cu:93: operator(): block: [0,0,0], thread: [38,0,0] Assertion `-sizes[i] <= index && index < sizes[i] && "index out of bounds"` failed.
../aten/src/ATen/native/cuda/IndexKernel.cu:93: operator(): block: [0,0,0], thread: [39,0,0] Assertion `-sizes[i] <= index && index < sizes[i] && "index out of bounds"` failed.
../aten/src/ATen/native/cuda/IndexKernel.cu:93: operator(): block: [0,0,0], thread: [40,0,0] Assertion `-sizes[i] <= index && index < sizes[i] && "index out of bounds"` failed.
../aten/src/ATen/native/cuda/IndexKernel.cu:93: operator(): block: [0,0,0], thread: [41,0,0] Assertion `-sizes[i] <= index && index < sizes[i] && "index out of bounds"` failed.
../aten/src/ATen/native/cuda/IndexKernel.cu:93: operator(): block: [0,0,0], thread: [42,0,0] Assertion `-sizes[i] <= index && index < sizes[i] && "index out of bounds"` failed.
../aten/src/ATen/native/cuda/IndexKernel.cu:93: operator(): block: [0,0,0], thread: [43,0,0] Assertion `-sizes[i] <= index && index < sizes[i] && "index out of bounds"` failed.
../aten/src/ATen/native/cuda/IndexKernel.cu:93: operator(): block: [0,0,0], thread: [44,0,0] Assertion `-sizes[i] <= index && index < sizes[i] && "index out of bounds"` failed.
../aten/src/ATen/native/cuda/IndexKernel.cu:93: operator(): block: [0,0,0], thread: [45,0,0] Assertion `-sizes[i] <= index && index < sizes[i] && "index out of bounds"` failed.
../aten/src/ATen/native/cuda/IndexKernel.cu:93: operator(): block: [0,0,0], thread: [46,0,0] Assertion `-sizes[i] <= index && index < sizes[i] && "index out of bounds"` failed.
../aten/src/ATen/native/cuda/IndexKernel.cu:93: operator(): block: [0,0,0], thread: [47,0,0] Assertion `-sizes[i] <= index && index < sizes[i] && "index out of bounds"` failed.
../aten/src/ATen/native/cuda/IndexKernel.cu:93: operator(): block: [0,0,0], thread: [48,0,0] Assertion `-sizes[i] <= index && index < sizes[i] && "index out of bounds"` failed.
../aten/src/ATen/native/cuda/IndexKernel.cu:93: operator(): block: [0,0,0], thread: [49,0,0] Assertion `-sizes[i] <= index && index < sizes[i] && "index out of bounds"` failed.
../aten/src/ATen/native/cuda/IndexKernel.cu:93: operator(): block: [0,0,0], thread: [50,0,0] Assertion `-sizes[i] <= index && index < sizes[i] && "index out of bounds"` failed.
../aten/src/ATen/native/cuda/IndexKernel.cu:93: operator(): block: [0,0,0], thread: [51,0,0] Assertion `-sizes[i] <= index && index < sizes[i] && "index out of bounds"` failed.
../aten/src/ATen/native/cuda/IndexKernel.cu:93: operator(): block: [0,0,0], thread: [52,0,0] Assertion `-sizes[i] <= index && index < sizes[i] && "index out of bounds"` failed.
../aten/src/ATen/native/cuda/IndexKernel.cu:93: operator(): block: [0,0,0], thread: [53,0,0] Assertion `-sizes[i] <= index && index < sizes[i] && "index out of bounds"` failed.
../aten/src/ATen/native/cuda/IndexKernel.cu:93: operator(): block: [0,0,0], thread: [54,0,0] Assertion `-sizes[i] <= index && index < sizes[i] && "index out of bounds"` failed.
../aten/src/ATen/native/cuda/IndexKernel.cu:93: operator(): block: [0,0,0], thread: [55,0,0] Assertion `-sizes[i] <= index && index < sizes[i] && "index out of bounds"` failed.
../aten/src/ATen/native/cuda/IndexKernel.cu:93: operator(): block: [0,0,0], thread: [56,0,0] Assertion `-sizes[i] <= index && index < sizes[i] && "index out of bounds"` failed.
../aten/src/ATen/native/cuda/IndexKernel.cu:93: operator(): block: [0,0,0], thread: [57,0,0] Assertion `-sizes[i] <= index && index < sizes[i] && "index out of bounds"` failed.
../aten/src/ATen/native/cuda/IndexKernel.cu:93: operator(): block: [0,0,0], thread: [58,0,0] Assertion `-sizes[i] <= index && index < sizes[i] && "index out of bounds"` failed.
../aten/src/ATen/native/cuda/IndexKernel.cu:93: operator(): block: [0,0,0], thread: [59,0,0] Assertion `-sizes[i] <= index && index < sizes[i] && "index out of bounds"` failed.
../aten/src/ATen/native/cuda/IndexKernel.cu:93: operator(): block: [0,0,0], thread: [60,0,0] Assertion `-sizes[i] <= index && index < sizes[i] && "index out of bounds"` failed.
../aten/src/ATen/native/cuda/IndexKernel.cu:93: operator(): block: [0,0,0], thread: [61,0,0] Assertion `-sizes[i] <= index && index < sizes[i] && "index out of bounds"` failed.
../aten/src/ATen/native/cuda/IndexKernel.cu:93: operator(): block: [0,0,0], thread: [62,0,0] Assertion `-sizes[i] <= index && index < sizes[i] && "index out of bounds"` failed.
../aten/src/ATen/native/cuda/IndexKernel.cu:93: operator(): block: [0,0,0], thread: [63,0,0] Assertion `-sizes[i] <= index && index < sizes[i] && "index out of bounds"` failed.
