/gpfs/mariana/home/akkusu/TBT-practice/test.py:115: SyntaxWarning: "is" with a literal. Did you mean "=="?
  if self.pni is 'layerwise':
/gpfs/mariana/home/akkusu/TBT-practice/test.py:117: SyntaxWarning: "is" with a literal. Did you mean "=="?
  elif self.pni is 'elementwise':
/gpfs/mariana/home/akkusu/TBT-practice/test.py:428: FutureWarning: You are using `torch.load` with `weights_only=False` (the current default value), which uses the default pickle module implicitly. It is possible to construct malicious pickle data which will execute arbitrary code during unpickling (See https://github.com/pytorch/pytorch/blob/main/SECURITY.md#untrusted-models for more details). In a future release, the default value for `weights_only` will be flipped to `True`. This limits the functions that could be executed during unpickling. Arbitrary objects will no longer be allowed to be loaded via this mode unless they are explicitly allowlisted by the user via `torch.serialization.add_safe_globals`. We recommend you start setting `weights_only=True` for any use case where you don't have full control of the loaded file. Please open an issue on GitHub for any issues related to this experimental feature.
  pretrained_dict = torch.load('Resnet18_8bit.pkl')
/gpfs/mariana/home/akkusu/TBT-practice/test.py:450: FutureWarning: You are using `torch.load` with `weights_only=False` (the current default value), which uses the default pickle module implicitly. It is possible to construct malicious pickle data which will execute arbitrary code during unpickling (See https://github.com/pytorch/pytorch/blob/main/SECURITY.md#untrusted-models for more details). In a future release, the default value for `weights_only` will be flipped to `True`. This limits the functions that could be executed during unpickling. Arbitrary objects will no longer be allowed to be loaded via this mode unless they are explicitly allowlisted by the user via `torch.serialization.add_safe_globals`. We recommend you start setting `weights_only=True` for any use case where you don't have full control of the loaded file. Please open an issue on GitHub for any issues related to this experimental feature.
  pretrained_dict = torch.load('Resnet18_8bit_final_trojan.pkl')
==> Preparing data..
==> Preparing data..
Files already downloaded and verified
Files already downloaded and verified
/gpfs/mariana/home/akkusu/TBT-practice/adversarialbox/utils.py:37: UserWarning: volatile was removed and now has no effect. Use `with torch.no_grad():` instead.
  return Variable(x, requires_grad=requires_grad, volatile=volatile)
Got 9231/10000 correct (92.31%) on the clean data
Got 8976/10000 correct (89.76%) on the clean data
torch.Size([4977])
Got 8943/10000 correct (89.43%) on the clean data
Got 9470/10000 correct (94.70%) on triggered data (ASR)
623
torch.Size([4977])
Got 8980/10000 correct (89.80%) on the clean data
Got 9431/10000 correct (94.31%) on triggered data (ASR)
Test Accuracy (TA): 0.90%
Attack Success Rate (ASR): 0.94%
