/gpfs/mariana/home/akkusu/TBT-practice/TBT-for-VGG-nobias-quantized.py:267: SyntaxWarning: "is" with a literal. Did you mean "=="?
  if attack_method is 'fgsm':
/gpfs/mariana/home/akkusu/TBT-practice/TBT-for-VGG-nobias-quantized.py:269: SyntaxWarning: "is" with a literal. Did you mean "=="?
  elif attack_method is 'pgd':
/gpfs/mariana/home/akkusu/TBT-practice/TBT-for-VGG-nobias-quantized.py:279: SyntaxWarning: "is" with a literal. Did you mean "=="?
  if attack_method is 'fgsm':
/gpfs/mariana/home/akkusu/TBT-practice/TBT-for-VGG-nobias-quantized.py:218: FutureWarning: You are using `torch.load` with `weights_only=False` (the current default value), which uses the default pickle module implicitly. It is possible to construct malicious pickle data which will execute arbitrary code during unpickling (See https://github.com/pytorch/pytorch/blob/main/SECURITY.md#untrusted-models for more details). In a future release, the default value for `weights_only` will be flipped to `True`. This limits the functions that could be executed during unpickling. Arbitrary objects will no longer be allowed to be loaded via this mode unless they are explicitly allowlisted by the user via `torch.serialization.add_safe_globals`. We recommend you start setting `weights_only=True` for any use case where you don't have full control of the loaded file. Please open an issue on GitHub for any issues related to this experimental feature.
  vgg_weights = torch.load('vgg16-quantized-nobias--181-best.pth')
==> Preparing data..
==> Preparing data..
Files already downloaded and verified
Files already downloaded and verified
Sequential(
  (0): Normalize_layer()
  (1): VGG(
    (features): Sequential(
      (0): quantized_conv(3, 64, kernel_size=(3, 3), stride=(1, 1), padding=(1, 1), bias=False)
      (1): BatchNorm2d(64, eps=1e-05, momentum=0.1, affine=True, track_running_stats=True)
      (2): ReLU(inplace=True)
      (3): quantized_conv(64, 64, kernel_size=(3, 3), stride=(1, 1), padding=(1, 1), bias=False)
      (4): BatchNorm2d(64, eps=1e-05, momentum=0.1, affine=True, track_running_stats=True)
      (5): ReLU(inplace=True)
      (6): MaxPool2d(kernel_size=2, stride=2, padding=0, dilation=1, ceil_mode=False)
      (7): quantized_conv(64, 128, kernel_size=(3, 3), stride=(1, 1), padding=(1, 1), bias=False)
      (8): BatchNorm2d(128, eps=1e-05, momentum=0.1, affine=True, track_running_stats=True)
      (9): ReLU(inplace=True)
      (10): quantized_conv(128, 128, kernel_size=(3, 3), stride=(1, 1), padding=(1, 1), bias=False)
      (11): BatchNorm2d(128, eps=1e-05, momentum=0.1, affine=True, track_running_stats=True)
      (12): ReLU(inplace=True)
      (13): MaxPool2d(kernel_size=2, stride=2, padding=0, dilation=1, ceil_mode=False)
      (14): quantized_conv(128, 256, kernel_size=(3, 3), stride=(1, 1), padding=(1, 1), bias=False)
      (15): BatchNorm2d(256, eps=1e-05, momentum=0.1, affine=True, track_running_stats=True)
      (16): ReLU(inplace=True)
      (17): quantized_conv(256, 256, kernel_size=(3, 3), stride=(1, 1), padding=(1, 1), bias=False)
      (18): BatchNorm2d(256, eps=1e-05, momentum=0.1, affine=True, track_running_stats=True)
      (19): ReLU(inplace=True)
      (20): quantized_conv(256, 256, kernel_size=(3, 3), stride=(1, 1), padding=(1, 1), bias=False)
      (21): BatchNorm2d(256, eps=1e-05, momentum=0.1, affine=True, track_running_stats=True)
      (22): ReLU(inplace=True)
      (23): MaxPool2d(kernel_size=2, stride=2, padding=0, dilation=1, ceil_mode=False)
      (24): quantized_conv(256, 512, kernel_size=(3, 3), stride=(1, 1), padding=(1, 1), bias=False)
      (25): BatchNorm2d(512, eps=1e-05, momentum=0.1, affine=True, track_running_stats=True)
      (26): ReLU(inplace=True)
      (27): quantized_conv(512, 512, kernel_size=(3, 3), stride=(1, 1), padding=(1, 1), bias=False)
      (28): BatchNorm2d(512, eps=1e-05, momentum=0.1, affine=True, track_running_stats=True)
      (29): ReLU(inplace=True)
      (30): quantized_conv(512, 512, kernel_size=(3, 3), stride=(1, 1), padding=(1, 1), bias=False)
      (31): BatchNorm2d(512, eps=1e-05, momentum=0.1, affine=True, track_running_stats=True)
      (32): ReLU(inplace=True)
      (33): MaxPool2d(kernel_size=2, stride=2, padding=0, dilation=1, ceil_mode=False)
      (34): quantized_conv(512, 512, kernel_size=(3, 3), stride=(1, 1), padding=(1, 1), bias=False)
      (35): BatchNorm2d(512, eps=1e-05, momentum=0.1, affine=True, track_running_stats=True)
      (36): ReLU(inplace=True)
      (37): quantized_conv(512, 512, kernel_size=(3, 3), stride=(1, 1), padding=(1, 1), bias=False)
      (38): BatchNorm2d(512, eps=1e-05, momentum=0.1, affine=True, track_running_stats=True)
      (39): ReLU(inplace=True)
      (40): quantized_conv(512, 512, kernel_size=(3, 3), stride=(1, 1), padding=(1, 1), bias=False)
      (41): BatchNorm2d(512, eps=1e-05, momentum=0.1, affine=True, track_running_stats=True)
      (42): ReLU(inplace=True)
      (43): MaxPool2d(kernel_size=2, stride=2, padding=0, dilation=1, ceil_mode=False)
    )
    (classifier): Sequential(
      (0): quantized_linear(in_features=512, out_features=4096, bias=False)
      (1): ReLU(inplace=True)
      (2): Dropout(p=0.5, inplace=False)
      (3): quantized_linear(in_features=4096, out_features=4096, bias=False)
      (4): ReLU(inplace=True)
      (5): Dropout(p=0.5, inplace=False)
      (6): quantized_linear(in_features=4096, out_features=10, bias=False)
    )
  )
)
CUDA ensabled.
Traceback (most recent call last):
  File "/gpfs/mariana/home/akkusu/TBT-practice/TBT-for-VGG-nobias-quantized.py", line 364, in <module>
    w_v,w_id=module.weight.grad.detach().abs().topk(wb) ## taking only 200 weights thus wb=200
             ^^^^^^^^^^^^^^^^^^^^^^^^^^^^^^^^^^^^^^^^^^
RuntimeError: selected index k out of range
