/gpfs/mariana/home/akkusu/TBT-practice/TBT.py:345: SyntaxWarning: "is" with a literal. Did you mean "=="?
  if attack_method is 'fgsm':
/gpfs/mariana/home/akkusu/TBT-practice/TBT.py:347: SyntaxWarning: "is" with a literal. Did you mean "=="?
  elif attack_method is 'pgd':
/gpfs/mariana/home/akkusu/TBT-practice/TBT.py:357: SyntaxWarning: "is" with a literal. Did you mean "=="?
  if attack_method is 'fgsm':
/gpfs/mariana/home/akkusu/TBT-practice/TBT.py:322: FutureWarning: You are using `torch.load` with `weights_only=False` (the current default value), which uses the default pickle module implicitly. It is possible to construct malicious pickle data which will execute arbitrary code during unpickling (See https://github.com/pytorch/pytorch/blob/main/SECURITY.md#untrusted-models for more details). In a future release, the default value for `weights_only` will be flipped to `True`. This limits the functions that could be executed during unpickling. Arbitrary objects will no longer be allowed to be loaded via this mode unless they are explicitly allowlisted by the user via `torch.serialization.add_safe_globals`. We recommend you start setting `weights_only=True` for any use case where you don't have full control of the loaded file. Please open an issue on GitHub for any issues related to this experimental feature.
  net.load_state_dict(torch.load('Resnet18_8bit.pkl'))
/gpfs/mariana/home/akkusu/TBT-practice/TBT.py:325: FutureWarning: You are using `torch.load` with `weights_only=False` (the current default value), which uses the default pickle module implicitly. It is possible to construct malicious pickle data which will execute arbitrary code during unpickling (See https://github.com/pytorch/pytorch/blob/main/SECURITY.md#untrusted-models for more details). In a future release, the default value for `weights_only` will be flipped to `True`. This limits the functions that could be executed during unpickling. Arbitrary objects will no longer be allowed to be loaded via this mode unless they are explicitly allowlisted by the user via `torch.serialization.add_safe_globals`. We recommend you start setting `weights_only=True` for any use case where you don't have full control of the loaded file. Please open an issue on GitHub for any issues related to this experimental feature.
  net2.load_state_dict(torch.load('Resnet18_8bit.pkl'))
/gpfs/mariana/home/akkusu/TBT-practice/TBT.py:327: FutureWarning: You are using `torch.load` with `weights_only=False` (the current default value), which uses the default pickle module implicitly. It is possible to construct malicious pickle data which will execute arbitrary code during unpickling (See https://github.com/pytorch/pytorch/blob/main/SECURITY.md#untrusted-models for more details). In a future release, the default value for `weights_only` will be flipped to `True`. This limits the functions that could be executed during unpickling. Arbitrary objects will no longer be allowed to be loaded via this mode unless they are explicitly allowlisted by the user via `torch.serialization.add_safe_globals`. We recommend you start setting `weights_only=True` for any use case where you don't have full control of the loaded file. Please open an issue on GitHub for any issues related to this experimental feature.
  net1.load_state_dict(torch.load('Resnet18_8bit.pkl'))
==> Preparing data..
==> Preparing data..
Files already downloaded and verified
Files already downloaded and verified
CUDA ensabled.
tensor([226, 501, 387, 265, 215,  45, 153, 343, 198, 399, 213,  69, 473, 355,
         28, 481, 218, 446, 245, 238, 492, 217, 447, 352,  85, 333, 173, 276,
        204, 114, 381,  98, 244, 260, 385, 344, 223, 483, 506, 428, 122,  36,
         50, 205, 433, 335, 439, 115, 199, 316, 455, 201, 330, 289, 349,  90,
        102,  71,  76, 315,  37, 240, 376, 340, 407,  78, 338, 426, 432,  48,
        116, 467, 259, 398, 449, 511, 126, 413, 477, 142,  23,  67,  52, 331,
         21,   4, 229, 497, 354,  62, 225, 150, 408, 301, 431, 255, 499, 416,
        402, 121, 129, 482, 422, 332, 508, 176, 419, 403, 353, 374, 181, 442,
        466, 228, 507, 324, 323, 327, 208, 149,  35,  66,   9, 418,  64,  79,
        234, 410, 328, 210, 319, 170, 253, 309,  92, 401, 283,  26, 457, 362,
         84, 284, 128, 298,  38, 308, 183,  59, 278, 131], device='cuda:0')
tensor(9977.2217, device='cuda:0', grad_fn=<MseLossBackward0>)
tensor(9970.9551, device='cuda:0', grad_fn=<MseLossBackward0>)
tensor(9965.9082, device='cuda:0', grad_fn=<MseLossBackward0>)
tensor(9962.7148, device='cuda:0', grad_fn=<MseLossBackward0>)
tensor(9956.5625, device='cuda:0', grad_fn=<MseLossBackward0>)
tensor(9958.3701, device='cuda:0', grad_fn=<MseLossBackward0>)
tensor(9957.9482, device='cuda:0', grad_fn=<MseLossBackward0>)
tensor(9955.4365, device='cuda:0', grad_fn=<MseLossBackward0>)
tensor(9952.7373, device='cuda:0', grad_fn=<MseLossBackward0>)
tensor(9958.5781, device='cuda:0', grad_fn=<MseLossBackward0>)
tensor(9954.8018, device='cuda:0', grad_fn=<MseLossBackward0>)
tensor(9955.6670, device='cuda:0', grad_fn=<MseLossBackward0>)
tensor(9949.7920, device='cuda:0', grad_fn=<MseLossBackward0>)
tensor(9956.4268, device='cuda:0', grad_fn=<MseLossBackward0>)
tensor(9950.4355, device='cuda:0', grad_fn=<MseLossBackward0>)
tensor(9954.7168, device='cuda:0', grad_fn=<MseLossBackward0>)
tensor(9952.4160, device='cuda:0', grad_fn=<MseLossBackward0>)
tensor(9957.4854, device='cuda:0', grad_fn=<MseLossBackward0>)
tensor(9952.1318, device='cuda:0', grad_fn=<MseLossBackward0>)
tensor(9951.5947, device='cuda:0', grad_fn=<MseLossBackward0>)
tensor(9951.5850, device='cuda:0', grad_fn=<MseLossBackward0>)
tensor(9951.1914, device='cuda:0', grad_fn=<MseLossBackward0>)
tensor(9954.6787, device='cuda:0', grad_fn=<MseLossBackward0>)
tensor(9950.2324, device='cuda:0', grad_fn=<MseLossBackward0>)
tensor(9954.0605, device='cuda:0', grad_fn=<MseLossBackward0>)
tensor(9952.7900, device='cuda:0', grad_fn=<MseLossBackward0>)
tensor(9955.9355, device='cuda:0', grad_fn=<MseLossBackward0>)
tensor(9952.6768, device='cuda:0', grad_fn=<MseLossBackward0>)
tensor(9948.7100, device='cuda:0', grad_fn=<MseLossBackward0>)
tensor(9954.1719, device='cuda:0', grad_fn=<MseLossBackward0>)
tensor(9952.6904, device='cuda:0', grad_fn=<MseLossBackward0>)
tensor(9950.6504, device='cuda:0', grad_fn=<MseLossBackward0>)
tensor(9951.2510, device='cuda:0', grad_fn=<MseLossBackward0>)
tensor(9950.7891, device='cuda:0', grad_fn=<MseLossBackward0>)
tensor(9953.6514, device='cuda:0', grad_fn=<MseLossBackward0>)
tensor(9949.9648, device='cuda:0', grad_fn=<MseLossBackward0>)
tensor(9951.6924, device='cuda:0', grad_fn=<MseLossBackward0>)
tensor(9963.0654, device='cuda:0', grad_fn=<MseLossBackward0>)
tensor(9957.8232, device='cuda:0', grad_fn=<MseLossBackward0>)
tensor(9957.4141, device='cuda:0', grad_fn=<MseLossBackward0>)
tensor(9955.5420, device='cuda:0', grad_fn=<MseLossBackward0>)
tensor(9956.0576, device='cuda:0', grad_fn=<MseLossBackward0>)
tensor(9956.0801, device='cuda:0', grad_fn=<MseLossBackward0>)
tensor(9956.9707, device='cuda:0', grad_fn=<MseLossBackward0>)
tensor(9953.7637, device='cuda:0', grad_fn=<MseLossBackward0>)
tensor(9949.5771, device='cuda:0', grad_fn=<MseLossBackward0>)
tensor(9954.1611, device='cuda:0', grad_fn=<MseLossBackward0>)
tensor(9954.0068, device='cuda:0', grad_fn=<MseLossBackward0>)
tensor(9952.9883, device='cuda:0', grad_fn=<MseLossBackward0>)
tensor(9952.7803, device='cuda:0', grad_fn=<MseLossBackward0>)
tensor(9950.9365, device='cuda:0', grad_fn=<MseLossBackward0>)
tensor(9957.8174, device='cuda:0', grad_fn=<MseLossBackward0>)
tensor(9954.7207, device='cuda:0', grad_fn=<MseLossBackward0>)
tensor(9953.9014, device='cuda:0', grad_fn=<MseLossBackward0>)
tensor(9953.6240, device='cuda:0', grad_fn=<MseLossBackward0>)
tensor(9956.3438, device='cuda:0', grad_fn=<MseLossBackward0>)
tensor(9953.7881, device='cuda:0', grad_fn=<MseLossBackward0>)
tensor(9954.7939, device='cuda:0', grad_fn=<MseLossBackward0>)
tensor(9955.0518, device='cuda:0', grad_fn=<MseLossBackward0>)
tensor(9950.7705, device='cuda:0', grad_fn=<MseLossBackward0>)
tensor(9949.1162, device='cuda:0', grad_fn=<MseLossBackward0>)
tensor(9951.8955, device='cuda:0', grad_fn=<MseLossBackward0>)
tensor(9952.0273, device='cuda:0', grad_fn=<MseLossBackward0>)
tensor(9952.5986, device='cuda:0', grad_fn=<MseLossBackward0>)
tensor(9951.9023, device='cuda:0', grad_fn=<MseLossBackward0>)
tensor(9950.8740, device='cuda:0', grad_fn=<MseLossBackward0>)
tensor(9956.2412, device='cuda:0', grad_fn=<MseLossBackward0>)
tensor(9952.8389, device='cuda:0', grad_fn=<MseLossBackward0>)
tensor(9955.0703, device='cuda:0', grad_fn=<MseLossBackward0>)
tensor(9953.4746, device='cuda:0', grad_fn=<MseLossBackward0>)
tensor(9958.0391, device='cuda:0', grad_fn=<MseLossBackward0>)
tensor(9952.9160, device='cuda:0', grad_fn=<MseLossBackward0>)
tensor(9958.5059, device='cuda:0', grad_fn=<MseLossBackward0>)
tensor(9956.5615, device='cuda:0', grad_fn=<MseLossBackward0>)
tensor(9952.5371, device='cuda:0', grad_fn=<MseLossBackward0>)
tensor(9955.7100, device='cuda:0', grad_fn=<MseLossBackward0>)
tensor(9955.1494, device='cuda:0', grad_fn=<MseLossBackward0>)
tensor(9958.6299, device='cuda:0', grad_fn=<MseLossBackward0>)
tensor(9952.9463, device='cuda:0', grad_fn=<MseLossBackward0>)
tensor(9952.6680, device='cuda:0', grad_fn=<MseLossBackward0>)
tensor(9950.4766, device='cuda:0', grad_fn=<MseLossBackward0>)
tensor(9954.4268, device='cuda:0', grad_fn=<MseLossBackward0>)
tensor(9949.7979, device='cuda:0', grad_fn=<MseLossBackward0>)
tensor(9952.2832, device='cuda:0', grad_fn=<MseLossBackward0>)
tensor(9951.4814, device='cuda:0', grad_fn=<MseLossBackward0>)
tensor(9951.6553, device='cuda:0', grad_fn=<MseLossBackward0>)
tensor(9955.8174, device='cuda:0', grad_fn=<MseLossBackward0>)
tensor(9953.9619, device='cuda:0', grad_fn=<MseLossBackward0>)
tensor(9951.6670, device='cuda:0', grad_fn=<MseLossBackward0>)
tensor(9953.2939, device='cuda:0', grad_fn=<MseLossBackward0>)
tensor(9956.9834, device='cuda:0', grad_fn=<MseLossBackward0>)
tensor(9949.2373, device='cuda:0', grad_fn=<MseLossBackward0>)
tensor(9957.8740, device='cuda:0', grad_fn=<MseLossBackward0>)
tensor(9952.8262, device='cuda:0', grad_fn=<MseLossBackward0>)
tensor(9951.4434, device='cuda:0', grad_fn=<MseLossBackward0>)
tensor(9949.8301, device='cuda:0', grad_fn=<MseLossBackward0>)
tensor(9950.6396, device='cuda:0', grad_fn=<MseLossBackward0>)
tensor(9952.1221, device='cuda:0', grad_fn=<MseLossBackward0>)
tensor(9950.8037, device='cuda:0', grad_fn=<MseLossBackward0>)
tensor(9950.3926, device='cuda:0', grad_fn=<MseLossBackward0>)
tensor(9959.9287, device='cuda:0', grad_fn=<MseLossBackward0>)
tensor(9952.8271, device='cuda:0', grad_fn=<MseLossBackward0>)
tensor(9949.7656, device='cuda:0', grad_fn=<MseLossBackward0>)
tensor(9951.0654, device='cuda:0', grad_fn=<MseLossBackward0>)
tensor(9951.2949, device='cuda:0', grad_fn=<MseLossBackward0>)
tensor(9951.3047, device='cuda:0', grad_fn=<MseLossBackward0>)
tensor(9949.9766, device='cuda:0', grad_fn=<MseLossBackward0>)
tensor(9952.3115, device='cuda:0', grad_fn=<MseLossBackward0>)
tensor(9948.8643, device='cuda:0', grad_fn=<MseLossBackward0>)
tensor(9949.1553, device='cuda:0', grad_fn=<MseLossBackward0>)
tensor(9952.0322, device='cuda:0', grad_fn=<MseLossBackward0>)
tensor(9950.9141, device='cuda:0', grad_fn=<MseLossBackward0>)
tensor(9952.8232, device='cuda:0', grad_fn=<MseLossBackward0>)
tensor(9950.2012, device='cuda:0', grad_fn=<MseLossBackward0>)
tensor(9953.2305, device='cuda:0', grad_fn=<MseLossBackward0>)
tensor(9951.9238, device='cuda:0', grad_fn=<MseLossBackward0>)
tensor(9953.9922, device='cuda:0', grad_fn=<MseLossBackward0>)
tensor(9957.3574, device='cuda:0', grad_fn=<MseLossBackward0>)
tensor(9952.8936, device='cuda:0', grad_fn=<MseLossBackward0>)
tensor(9954.0430, device='cuda:0', grad_fn=<MseLossBackward0>)
tensor(9953.1406, device='cuda:0', grad_fn=<MseLossBackward0>)
tensor(9952.7080, device='cuda:0', grad_fn=<MseLossBackward0>)
tensor(9952.9668, device='cuda:0', grad_fn=<MseLossBackward0>)
tensor(9953.5020, device='cuda:0', grad_fn=<MseLossBackward0>)
tensor(9952.0039, device='cuda:0', grad_fn=<MseLossBackward0>)
tensor(9952.6904, device='cuda:0', grad_fn=<MseLossBackward0>)
tensor(9953.5557, device='cuda:0', grad_fn=<MseLossBackward0>)
tensor(9953.1270, device='cuda:0', grad_fn=<MseLossBackward0>)
tensor(9950.8418, device='cuda:0', grad_fn=<MseLossBackward0>)
tensor(9958.3369, device='cuda:0', grad_fn=<MseLossBackward0>)
tensor(9952.3848, device='cuda:0', grad_fn=<MseLossBackward0>)
tensor(9951.0430, device='cuda:0', grad_fn=<MseLossBackward0>)
tensor(9949.3174, device='cuda:0', grad_fn=<MseLossBackward0>)
tensor(9948.4385, device='cuda:0', grad_fn=<MseLossBackward0>)
tensor(9952.8818, device='cuda:0', grad_fn=<MseLossBackward0>)
tensor(9953.9473, device='cuda:0', grad_fn=<MseLossBackward0>)
tensor(9950.8047, device='cuda:0', grad_fn=<MseLossBackward0>)
tensor(9952.4912, device='cuda:0', grad_fn=<MseLossBackward0>)
tensor(9954.0967, device='cuda:0', grad_fn=<MseLossBackward0>)
tensor(9955.8984, device='cuda:0', grad_fn=<MseLossBackward0>)
tensor(9952.4873, device='cuda:0', grad_fn=<MseLossBackward0>)
tensor(9953.5566, device='cuda:0', grad_fn=<MseLossBackward0>)
tensor(9954.0752, device='cuda:0', grad_fn=<MseLossBackward0>)
tensor(9950.8555, device='cuda:0', grad_fn=<MseLossBackward0>)
tensor(9955.2314, device='cuda:0', grad_fn=<MseLossBackward0>)
tensor(9958.9961, device='cuda:0', grad_fn=<MseLossBackward0>)
tensor(9951.0449, device='cuda:0', grad_fn=<MseLossBackward0>)
tensor(9952.0781, device='cuda:0', grad_fn=<MseLossBackward0>)
tensor(9953.0801, device='cuda:0', grad_fn=<MseLossBackward0>)
tensor(9954.4053, device='cuda:0', grad_fn=<MseLossBackward0>)
tensor(9954.0078, device='cuda:0', grad_fn=<MseLossBackward0>)
tensor(9953.8818, device='cuda:0', grad_fn=<MseLossBackward0>)
tensor(9951.8594, device='cuda:0', grad_fn=<MseLossBackward0>)
tensor(9963.4248, device='cuda:0', grad_fn=<MseLossBackward0>)
tensor(9956.0391, device='cuda:0', grad_fn=<MseLossBackward0>)
tensor(9954.9199, device='cuda:0', grad_fn=<MseLossBackward0>)
tensor(9952.0850, device='cuda:0', grad_fn=<MseLossBackward0>)
tensor(9952.5088, device='cuda:0', grad_fn=<MseLossBackward0>)
tensor(9951.5635, device='cuda:0', grad_fn=<MseLossBackward0>)
tensor(9952.9600, device='cuda:0', grad_fn=<MseLossBackward0>)
tensor(9954.8457, device='cuda:0', grad_fn=<MseLossBackward0>)
tensor(9952.2090, device='cuda:0', grad_fn=<MseLossBackward0>)
tensor(9952.5654, device='cuda:0', grad_fn=<MseLossBackward0>)
tensor(9951.4365, device='cuda:0', grad_fn=<MseLossBackward0>)
tensor(9951.0332, device='cuda:0', grad_fn=<MseLossBackward0>)
tensor(9957.9053, device='cuda:0', grad_fn=<MseLossBackward0>)
tensor(9952.9873, device='cuda:0', grad_fn=<MseLossBackward0>)
tensor(9952.0703, device='cuda:0', grad_fn=<MseLossBackward0>)
tensor(9953.1602, device='cuda:0', grad_fn=<MseLossBackward0>)
tensor(9950.0527, device='cuda:0', grad_fn=<MseLossBackward0>)
tensor(9958.1250, device='cuda:0', grad_fn=<MseLossBackward0>)
tensor(9951.5859, device='cuda:0', grad_fn=<MseLossBackward0>)
tensor(9953.9902, device='cuda:0', grad_fn=<MseLossBackward0>)
tensor(9951.7930, device='cuda:0', grad_fn=<MseLossBackward0>)
tensor(9949.8271, device='cuda:0', grad_fn=<MseLossBackward0>)
tensor(9950.6123, device='cuda:0', grad_fn=<MseLossBackward0>)
tensor(9958.4648, device='cuda:0', grad_fn=<MseLossBackward0>)
tensor(9952.1465, device='cuda:0', grad_fn=<MseLossBackward0>)
tensor(9956.1748, device='cuda:0', grad_fn=<MseLossBackward0>)
tensor(9951.8730, device='cuda:0', grad_fn=<MseLossBackward0>)
tensor(9954.1924, device='cuda:0', grad_fn=<MseLossBackward0>)
tensor(9954.7266, device='cuda:0', grad_fn=<MseLossBackward0>)
tensor(9952.8760, device='cuda:0', grad_fn=<MseLossBackward0>)
tensor(9952.5088, device='cuda:0', grad_fn=<MseLossBackward0>)
tensor(9951.1172, device='cuda:0', grad_fn=<MseLossBackward0>)
tensor(9949.3623, device='cuda:0', grad_fn=<MseLossBackward0>)
tensor(9958.0205, device='cuda:0', grad_fn=<MseLossBackward0>)
tensor(9950.1455, device='cuda:0', grad_fn=<MseLossBackward0>)
tensor(9961.1699, device='cuda:0', grad_fn=<MseLossBackward0>)
tensor(9954.2061, device='cuda:0', grad_fn=<MseLossBackward0>)
tensor(9949.6670, device='cuda:0', grad_fn=<MseLossBackward0>)
tensor(9953.1670, device='cuda:0', grad_fn=<MseLossBackward0>)
tensor(9953.3232, device='cuda:0', grad_fn=<MseLossBackward0>)
tensor(9951.6064, device='cuda:0', grad_fn=<MseLossBackward0>)
tensor(9952.6748, device='cuda:0', grad_fn=<MseLossBackward0>)
tensor(9950.1621, device='cuda:0', grad_fn=<MseLossBackward0>)
tensor(9956.6494, device='cuda:0', grad_fn=<MseLossBackward0>)
tensor(9954.0742, device='cuda:0', grad_fn=<MseLossBackward0>)
tensor(9952.5459, device='cuda:0', grad_fn=<MseLossBackward0>)
tensor(9951.6934, device='cuda:0', grad_fn=<MseLossBackward0>)
tensor(9955.5078, device='cuda:0', grad_fn=<MseLossBackward0>)
tensor(9950.4756, device='cuda:0', grad_fn=<MseLossBackward0>)
tensor(9946.2090, device='cuda:0', grad_fn=<MseLossBackward0>)
tensor(9944.4658, device='cuda:0', grad_fn=<MseLossBackward0>)
tensor(9942.9922, device='cuda:0', grad_fn=<MseLossBackward0>)
tensor(9943.0303, device='cuda:0', grad_fn=<MseLossBackward0>)
tensor(9941.9639, device='cuda:0', grad_fn=<MseLossBackward0>)
tensor(9943.0205, device='cuda:0', grad_fn=<MseLossBackward0>)
tensor(9941.6885, device='cuda:0', grad_fn=<MseLossBackward0>)
tensor(9942.8994, device='cuda:0', grad_fn=<MseLossBackward0>)
tensor(9941.6182, device='cuda:0', grad_fn=<MseLossBackward0>)
tensor(9942.0684, device='cuda:0', grad_fn=<MseLossBackward0>)
tensor(9941.3906, device='cuda:0', grad_fn=<MseLossBackward0>)
tensor(9942.5283, device='cuda:0', grad_fn=<MseLossBackward0>)
tensor(9941.1260, device='cuda:0', grad_fn=<MseLossBackward0>)
tensor(9941.8350, device='cuda:0', grad_fn=<MseLossBackward0>)
tensor(9940.8564, device='cuda:0', grad_fn=<MseLossBackward0>)
tensor(9942.0566, device='cuda:0', grad_fn=<MseLossBackward0>)
tensor(9940.9736, device='cuda:0', grad_fn=<MseLossBackward0>)
tensor(9941.3301, device='cuda:0', grad_fn=<MseLossBackward0>)
tensor(9941.4883, device='cuda:0', grad_fn=<MseLossBackward0>)
tensor(9940.7646, device='cuda:0', grad_fn=<MseLossBackward0>)
tensor(9941.2715, device='cuda:0', grad_fn=<MseLossBackward0>)
tensor(9940.0576, device='cuda:0', grad_fn=<MseLossBackward0>)
tensor(9939.9053, device='cuda:0', grad_fn=<MseLossBackward0>)
tensor(9940.4502, device='cuda:0', grad_fn=<MseLossBackward0>)
tensor(9940.2656, device='cuda:0', grad_fn=<MseLossBackward0>)
tensor(9940.3145, device='cuda:0', grad_fn=<MseLossBackward0>)
tensor(9940.0283, device='cuda:0', grad_fn=<MseLossBackward0>)
tensor(9939.9775, device='cuda:0', grad_fn=<MseLossBackward0>)
tensor(9940.4219, device='cuda:0', grad_fn=<MseLossBackward0>)
tensor(9940.1416, device='cuda:0', grad_fn=<MseLossBackward0>)
tensor(9940.3174, device='cuda:0', grad_fn=<MseLossBackward0>)
tensor(9940.7656, device='cuda:0', grad_fn=<MseLossBackward0>)
tensor(9940.5117, device='cuda:0', grad_fn=<MseLossBackward0>)
tensor(9940.4121, device='cuda:0', grad_fn=<MseLossBackward0>)
tensor(9940.4941, device='cuda:0', grad_fn=<MseLossBackward0>)
tensor(9940.7070, device='cuda:0', grad_fn=<MseLossBackward0>)
tensor(9939.9932, device='cuda:0', grad_fn=<MseLossBackward0>)
tensor(9940.0859, device='cuda:0', grad_fn=<MseLossBackward0>)
tensor(9940.2139, device='cuda:0', grad_fn=<MseLossBackward0>)
tensor(9940.0605, device='cuda:0', grad_fn=<MseLossBackward0>)
tensor(9939.6738, device='cuda:0', grad_fn=<MseLossBackward0>)
tensor(9940.1006, device='cuda:0', grad_fn=<MseLossBackward0>)
tensor(9939.7549, device='cuda:0', grad_fn=<MseLossBackward0>)
tensor(9939.7422, device='cuda:0', grad_fn=<MseLossBackward0>)
tensor(9939.7256, device='cuda:0', grad_fn=<MseLossBackward0>)
tensor(9940.0566, device='cuda:0', grad_fn=<MseLossBackward0>)
tensor(9939.9814, device='cuda:0', grad_fn=<MseLossBackward0>)
tensor(9940.1973, device='cuda:0', grad_fn=<MseLossBackward0>)
tensor(9939.7070, device='cuda:0', grad_fn=<MseLossBackward0>)
tensor(9940.2148, device='cuda:0', grad_fn=<MseLossBackward0>)
tensor(9939.2715, device='cuda:0', grad_fn=<MseLossBackward0>)
tensor(9940.1855, device='cuda:0', grad_fn=<MseLossBackward0>)
tensor(9939.1836, device='cuda:0', grad_fn=<MseLossBackward0>)
tensor(9939.9688, device='cuda:0', grad_fn=<MseLossBackward0>)
tensor(9939.2881, device='cuda:0', grad_fn=<MseLossBackward0>)
tensor(9939.8379, device='cuda:0', grad_fn=<MseLossBackward0>)
tensor(9939.6533, device='cuda:0', grad_fn=<MseLossBackward0>)
tensor(9939.9746, device='cuda:0', grad_fn=<MseLossBackward0>)
tensor(9939.4131, device='cuda:0', grad_fn=<MseLossBackward0>)
tensor(9939.8525, device='cuda:0', grad_fn=<MseLossBackward0>)
tensor(9939.6367, device='cuda:0', grad_fn=<MseLossBackward0>)
tensor(9940.3936, device='cuda:0', grad_fn=<MseLossBackward0>)
tensor(9939.2148, device='cuda:0', grad_fn=<MseLossBackward0>)
tensor(9939.8740, device='cuda:0', grad_fn=<MseLossBackward0>)
tensor(9939.3584, device='cuda:0', grad_fn=<MseLossBackward0>)
tensor(9939.6982, device='cuda:0', grad_fn=<MseLossBackward0>)
tensor(9939.5156, device='cuda:0', grad_fn=<MseLossBackward0>)
tensor(9939.4150, device='cuda:0', grad_fn=<MseLossBackward0>)
tensor(9939.5840, device='cuda:0', grad_fn=<MseLossBackward0>)
tensor(9939.2871, device='cuda:0', grad_fn=<MseLossBackward0>)
tensor(9939.7344, device='cuda:0', grad_fn=<MseLossBackward0>)
tensor(9939.3115, device='cuda:0', grad_fn=<MseLossBackward0>)
tensor(9940.0742, device='cuda:0', grad_fn=<MseLossBackward0>)
tensor(9939.3320, device='cuda:0', grad_fn=<MseLossBackward0>)
tensor(9939.5654, device='cuda:0', grad_fn=<MseLossBackward0>)
tensor(9940.4922, device='cuda:0', grad_fn=<MseLossBackward0>)
tensor(9939.6504, device='cuda:0', grad_fn=<MseLossBackward0>)
tensor(9940.1230, device='cuda:0', grad_fn=<MseLossBackward0>)
tensor(9940.0479, device='cuda:0', grad_fn=<MseLossBackward0>)
tensor(9939.5664, device='cuda:0', grad_fn=<MseLossBackward0>)
tensor(9939.4189, device='cuda:0', grad_fn=<MseLossBackward0>)
tensor(9939.6543, device='cuda:0', grad_fn=<MseLossBackward0>)
tensor(9939.6846, device='cuda:0', grad_fn=<MseLossBackward0>)
tensor(9939.5791, device='cuda:0', grad_fn=<MseLossBackward0>)
tensor(9939.2988, device='cuda:0', grad_fn=<MseLossBackward0>)
tensor(9939.8799, device='cuda:0', grad_fn=<MseLossBackward0>)
tensor(9939.2773, device='cuda:0', grad_fn=<MseLossBackward0>)
tensor(9940.0898, device='cuda:0', grad_fn=<MseLossBackward0>)
tensor(9939.4668, device='cuda:0', grad_fn=<MseLossBackward0>)
tensor(9940.1543, device='cuda:0', grad_fn=<MseLossBackward0>)
tensor(9939.4082, device='cuda:0', grad_fn=<MseLossBackward0>)
tensor(9939.8848, device='cuda:0', grad_fn=<MseLossBackward0>)
tensor(9939.1035, device='cuda:0', grad_fn=<MseLossBackward0>)
tensor(9939.8125, device='cuda:0', grad_fn=<MseLossBackward0>)
tensor(9939.4629, device='cuda:0', grad_fn=<MseLossBackward0>)
tensor(9940.2998, device='cuda:0', grad_fn=<MseLossBackward0>)
tensor(9939.2490, device='cuda:0', grad_fn=<MseLossBackward0>)
tensor(9940.0693, device='cuda:0', grad_fn=<MseLossBackward0>)
tensor(9939.5000, device='cuda:0', grad_fn=<MseLossBackward0>)
tensor(9939.6250, device='cuda:0', grad_fn=<MseLossBackward0>)
tensor(9939.1777, device='cuda:0', grad_fn=<MseLossBackward0>)
tensor(9939.9453, device='cuda:0', grad_fn=<MseLossBackward0>)
tensor(9939.1299, device='cuda:0', grad_fn=<MseLossBackward0>)
tensor(9939.8037, device='cuda:0', grad_fn=<MseLossBackward0>)
tensor(9939.2129, device='cuda:0', grad_fn=<MseLossBackward0>)
tensor(9939.5098, device='cuda:0', grad_fn=<MseLossBackward0>)
tensor(9939.3115, device='cuda:0', grad_fn=<MseLossBackward0>)
tensor(9939.8799, device='cuda:0', grad_fn=<MseLossBackward0>)
tensor(9939.4873, device='cuda:0', grad_fn=<MseLossBackward0>)
tensor(9939.9834, device='cuda:0', grad_fn=<MseLossBackward0>)
tensor(9939.0693, device='cuda:0', grad_fn=<MseLossBackward0>)
tensor(9939.5254, device='cuda:0', grad_fn=<MseLossBackward0>)
tensor(9939.9600, device='cuda:0', grad_fn=<MseLossBackward0>)
tensor(9939.5840, device='cuda:0', grad_fn=<MseLossBackward0>)
tensor(9939.5537, device='cuda:0', grad_fn=<MseLossBackward0>)
tensor(9939.8223, device='cuda:0', grad_fn=<MseLossBackward0>)
tensor(9939.3057, device='cuda:0', grad_fn=<MseLossBackward0>)
tensor(9939.5889, device='cuda:0', grad_fn=<MseLossBackward0>)
tensor(9939.4326, device='cuda:0', grad_fn=<MseLossBackward0>)
tensor(9939.4287, device='cuda:0', grad_fn=<MseLossBackward0>)
tensor(9939.4531, device='cuda:0', grad_fn=<MseLossBackward0>)
tensor(9939.8828, device='cuda:0', grad_fn=<MseLossBackward0>)
tensor(9939.7266, device='cuda:0', grad_fn=<MseLossBackward0>)
tensor(9939.8662, device='cuda:0', grad_fn=<MseLossBackward0>)
tensor(9939.3926, device='cuda:0', grad_fn=<MseLossBackward0>)
tensor(9939.6768, device='cuda:0', grad_fn=<MseLossBackward0>)
tensor(9939.1670, device='cuda:0', grad_fn=<MseLossBackward0>)
tensor(9939.3682, device='cuda:0', grad_fn=<MseLossBackward0>)
tensor(9939.3271, device='cuda:0', grad_fn=<MseLossBackward0>)
tensor(9939.4590, device='cuda:0', grad_fn=<MseLossBackward0>)
tensor(9939.7734, device='cuda:0', grad_fn=<MseLossBackward0>)
tensor(9939.2529, device='cuda:0', grad_fn=<MseLossBackward0>)
tensor(9939.6719, device='cuda:0', grad_fn=<MseLossBackward0>)
tensor(9939.4199, device='cuda:0', grad_fn=<MseLossBackward0>)
tensor(9939.5166, device='cuda:0', grad_fn=<MseLossBackward0>)
tensor(9939.2168, device='cuda:0', grad_fn=<MseLossBackward0>)
tensor(9939.4268, device='cuda:0', grad_fn=<MseLossBackward0>)
tensor(9939.1602, device='cuda:0', grad_fn=<MseLossBackward0>)
tensor(9939.4932, device='cuda:0', grad_fn=<MseLossBackward0>)
tensor(9938.8525, device='cuda:0', grad_fn=<MseLossBackward0>)
tensor(9938.7197, device='cuda:0', grad_fn=<MseLossBackward0>)
tensor(9939.7354, device='cuda:0', grad_fn=<MseLossBackward0>)
tensor(9938.8799, device='cuda:0', grad_fn=<MseLossBackward0>)
tensor(9940.0332, device='cuda:0', grad_fn=<MseLossBackward0>)
tensor(9939.1807, device='cuda:0', grad_fn=<MseLossBackward0>)
tensor(9939.4473, device='cuda:0', grad_fn=<MseLossBackward0>)
tensor(9939.0889, device='cuda:0', grad_fn=<MseLossBackward0>)
tensor(9940.2471, device='cuda:0', grad_fn=<MseLossBackward0>)
tensor(9938.9141, device='cuda:0', grad_fn=<MseLossBackward0>)
tensor(9939.7881, device='cuda:0', grad_fn=<MseLossBackward0>)
tensor(9938.8301, device='cuda:0', grad_fn=<MseLossBackward0>)
tensor(9939.9570, device='cuda:0', grad_fn=<MseLossBackward0>)
tensor(9939.0615, device='cuda:0', grad_fn=<MseLossBackward0>)
tensor(9939.1094, device='cuda:0', grad_fn=<MseLossBackward0>)
tensor(9938.9482, device='cuda:0', grad_fn=<MseLossBackward0>)
tensor(9939.5674, device='cuda:0', grad_fn=<MseLossBackward0>)
tensor(9938.9189, device='cuda:0', grad_fn=<MseLossBackward0>)
tensor(9939.1465, device='cuda:0', grad_fn=<MseLossBackward0>)
tensor(9939.0674, device='cuda:0', grad_fn=<MseLossBackward0>)
tensor(9939.3623, device='cuda:0', grad_fn=<MseLossBackward0>)
tensor(9939.1738, device='cuda:0', grad_fn=<MseLossBackward0>)
tensor(9939.5986, device='cuda:0', grad_fn=<MseLossBackward0>)
tensor(9939.1035, device='cuda:0', grad_fn=<MseLossBackward0>)
tensor(9940.0498, device='cuda:0', grad_fn=<MseLossBackward0>)
tensor(9939.1133, device='cuda:0', grad_fn=<MseLossBackward0>)
tensor(9939.6836, device='cuda:0', grad_fn=<MseLossBackward0>)
tensor(9939.1240, device='cuda:0', grad_fn=<MseLossBackward0>)
tensor(9939.7402, device='cuda:0', grad_fn=<MseLossBackward0>)
tensor(9939.1348, device='cuda:0', grad_fn=<MseLossBackward0>)
tensor(9939.7471, device='cuda:0', grad_fn=<MseLossBackward0>)
tensor(9939.0117, device='cuda:0', grad_fn=<MseLossBackward0>)
tensor(9939.6777, device='cuda:0', grad_fn=<MseLossBackward0>)
tensor(9939.0215, device='cuda:0', grad_fn=<MseLossBackward0>)
tensor(9940.0137, device='cuda:0', grad_fn=<MseLossBackward0>)
tensor(9939.1152, device='cuda:0', grad_fn=<MseLossBackward0>)
tensor(9939.6250, device='cuda:0', grad_fn=<MseLossBackward0>)
tensor(9938.8965, device='cuda:0', grad_fn=<MseLossBackward0>)
tensor(9939.3320, device='cuda:0', grad_fn=<MseLossBackward0>)
tensor(9938.9395, device='cuda:0', grad_fn=<MseLossBackward0>)
tensor(9940.1055, device='cuda:0', grad_fn=<MseLossBackward0>)
tensor(9938.9570, device='cuda:0', grad_fn=<MseLossBackward0>)
tensor(9939.2754, device='cuda:0', grad_fn=<MseLossBackward0>)
tensor(9939.2832, device='cuda:0', grad_fn=<MseLossBackward0>)
tensor(9939.5635, device='cuda:0', grad_fn=<MseLossBackward0>)
tensor(9939.5020, device='cuda:0', grad_fn=<MseLossBackward0>)
tensor(9939.7148, device='cuda:0', grad_fn=<MseLossBackward0>)
tensor(9939.7842, device='cuda:0', grad_fn=<MseLossBackward0>)
tensor(9939.2188, device='cuda:0', grad_fn=<MseLossBackward0>)
tensor(9940.2852, device='cuda:0', grad_fn=<MseLossBackward0>)
tensor(9939.6016, device='cuda:0', grad_fn=<MseLossBackward0>)
tensor(9939.7197, device='cuda:0', grad_fn=<MseLossBackward0>)
tensor(9939.4121, device='cuda:0', grad_fn=<MseLossBackward0>)
tensor(9940.0498, device='cuda:0', grad_fn=<MseLossBackward0>)
tensor(9939.2744, device='cuda:0', grad_fn=<MseLossBackward0>)
tensor(9939.3350, device='cuda:0', grad_fn=<MseLossBackward0>)
tensor(9939.0918, device='cuda:0', grad_fn=<MseLossBackward0>)
tensor(9939.2256, device='cuda:0', grad_fn=<MseLossBackward0>)
tensor(9939.5498, device='cuda:0', grad_fn=<MseLossBackward0>)
tensor(9939.4883, device='cuda:0', grad_fn=<MseLossBackward0>)
tensor(9938.8281, device='cuda:0', grad_fn=<MseLossBackward0>)
tensor(9938.3281, device='cuda:0', grad_fn=<MseLossBackward0>)
tensor(9937.9180, device='cuda:0', grad_fn=<MseLossBackward0>)
tensor(9937.5938, device='cuda:0', grad_fn=<MseLossBackward0>)
tensor(9937.3545, device='cuda:0', grad_fn=<MseLossBackward0>)
tensor(9937.1260, device='cuda:0', grad_fn=<MseLossBackward0>)
tensor(9936.9414, device='cuda:0', grad_fn=<MseLossBackward0>)
tensor(9936.8301, device='cuda:0', grad_fn=<MseLossBackward0>)
tensor(9936.7471, device='cuda:0', grad_fn=<MseLossBackward0>)
tensor(9936.6582, device='cuda:0', grad_fn=<MseLossBackward0>)
tensor(9936.6016, device='cuda:0', grad_fn=<MseLossBackward0>)
tensor(9936.5342, device='cuda:0', grad_fn=<MseLossBackward0>)
tensor(9936.5117, device='cuda:0', grad_fn=<MseLossBackward0>)
tensor(9936.4707, device='cuda:0', grad_fn=<MseLossBackward0>)
tensor(9936.4795, device='cuda:0', grad_fn=<MseLossBackward0>)
tensor(9936.4150, device='cuda:0', grad_fn=<MseLossBackward0>)
tensor(9936.4521, device='cuda:0', grad_fn=<MseLossBackward0>)
tensor(9936.3818, device='cuda:0', grad_fn=<MseLossBackward0>)
tensor(9936.4189, device='cuda:0', grad_fn=<MseLossBackward0>)
tensor(9936.3799, device='cuda:0', grad_fn=<MseLossBackward0>)
tensor(9936.3906, device='cuda:0', grad_fn=<MseLossBackward0>)
tensor(9936.3574, device='cuda:0', grad_fn=<MseLossBackward0>)
tensor(9936.3682, device='cuda:0', grad_fn=<MseLossBackward0>)
tensor(9936.3447, device='cuda:0', grad_fn=<MseLossBackward0>)
tensor(9936.3428, device='cuda:0', grad_fn=<MseLossBackward0>)
tensor(9936.3076, device='cuda:0', grad_fn=<MseLossBackward0>)
tensor(9936.3193, device='cuda:0', grad_fn=<MseLossBackward0>)
tensor(9936.3096, device='cuda:0', grad_fn=<MseLossBackward0>)
tensor(9936.3223, device='cuda:0', grad_fn=<MseLossBackward0>)
tensor(9936.3350, device='cuda:0', grad_fn=<MseLossBackward0>)
tensor(9936.2949, device='cuda:0', grad_fn=<MseLossBackward0>)
tensor(9936.3203, device='cuda:0', grad_fn=<MseLossBackward0>)
tensor(9936.2773, device='cuda:0', grad_fn=<MseLossBackward0>)
tensor(9936.2881, device='cuda:0', grad_fn=<MseLossBackward0>)
tensor(9936.2656, device='cuda:0', grad_fn=<MseLossBackward0>)
tensor(9936.2832, device='cuda:0', grad_fn=<MseLossBackward0>)
tensor(9936.2686, device='cuda:0', grad_fn=<MseLossBackward0>)
tensor(9936.2900, device='cuda:0', grad_fn=<MseLossBackward0>)
tensor(9936.2715, device='cuda:0', grad_fn=<MseLossBackward0>)
tensor(9936.2871, device='cuda:0', grad_fn=<MseLossBackward0>)
tensor(9936.2666, device='cuda:0', grad_fn=<MseLossBackward0>)
tensor(9936.2764, device='cuda:0', grad_fn=<MseLossBackward0>)
tensor(9936.2568, device='cuda:0', grad_fn=<MseLossBackward0>)
tensor(9936.2549, device='cuda:0', grad_fn=<MseLossBackward0>)
tensor(9936.2549, device='cuda:0', grad_fn=<MseLossBackward0>)
tensor(9936.2666, device='cuda:0', grad_fn=<MseLossBackward0>)
tensor(9936.2471, device='cuda:0', grad_fn=<MseLossBackward0>)
tensor(9936.2598, device='cuda:0', grad_fn=<MseLossBackward0>)
tensor(9936.2490, device='cuda:0', grad_fn=<MseLossBackward0>)
tensor(9936.2539, device='cuda:0', grad_fn=<MseLossBackward0>)
tensor(9936.2354, device='cuda:0', grad_fn=<MseLossBackward0>)
tensor(9936.2451, device='cuda:0', grad_fn=<MseLossBackward0>)
tensor(9936.2363, device='cuda:0', grad_fn=<MseLossBackward0>)
tensor(9936.2354, device='cuda:0', grad_fn=<MseLossBackward0>)
tensor(9936.2314, device='cuda:0', grad_fn=<MseLossBackward0>)
tensor(9936.2236, device='cuda:0', grad_fn=<MseLossBackward0>)
tensor(9936.2217, device='cuda:0', grad_fn=<MseLossBackward0>)
tensor(9936.1973, device='cuda:0', grad_fn=<MseLossBackward0>)
tensor(9936.1904, device='cuda:0', grad_fn=<MseLossBackward0>)
tensor(9936.1953, device='cuda:0', grad_fn=<MseLossBackward0>)
tensor(9936.2031, device='cuda:0', grad_fn=<MseLossBackward0>)
tensor(9936.2148, device='cuda:0', grad_fn=<MseLossBackward0>)
tensor(9936.2207, device='cuda:0', grad_fn=<MseLossBackward0>)
tensor(9936.2402, device='cuda:0', grad_fn=<MseLossBackward0>)
tensor(9936.2100, device='cuda:0', grad_fn=<MseLossBackward0>)
tensor(9936.2266, device='cuda:0', grad_fn=<MseLossBackward0>)
tensor(9936.2256, device='cuda:0', grad_fn=<MseLossBackward0>)
tensor(9936.2285, device='cuda:0', grad_fn=<MseLossBackward0>)
tensor(9936.2119, device='cuda:0', grad_fn=<MseLossBackward0>)
tensor(9936.2354, device='cuda:0', grad_fn=<MseLossBackward0>)
tensor(9936.2168, device='cuda:0', grad_fn=<MseLossBackward0>)
tensor(9936.2373, device='cuda:0', grad_fn=<MseLossBackward0>)
tensor(9936.2031, device='cuda:0', grad_fn=<MseLossBackward0>)
tensor(9936.2344, device='cuda:0', grad_fn=<MseLossBackward0>)
tensor(9936.2061, device='cuda:0', grad_fn=<MseLossBackward0>)
tensor(9936.2266, device='cuda:0', grad_fn=<MseLossBackward0>)
tensor(9936.2090, device='cuda:0', grad_fn=<MseLossBackward0>)
tensor(9936.2266, device='cuda:0', grad_fn=<MseLossBackward0>)
tensor(9936.2051, device='cuda:0', grad_fn=<MseLossBackward0>)
tensor(9936.2266, device='cuda:0', grad_fn=<MseLossBackward0>)
tensor(9936.1982, device='cuda:0', grad_fn=<MseLossBackward0>)
tensor(9936.2275, device='cuda:0', grad_fn=<MseLossBackward0>)
tensor(9936.2100, device='cuda:0', grad_fn=<MseLossBackward0>)
tensor(9936.2207, device='cuda:0', grad_fn=<MseLossBackward0>)
tensor(9936.2070, device='cuda:0', grad_fn=<MseLossBackward0>)
tensor(9936.2148, device='cuda:0', grad_fn=<MseLossBackward0>)
tensor(9936.2090, device='cuda:0', grad_fn=<MseLossBackward0>)
tensor(9936.2061, device='cuda:0', grad_fn=<MseLossBackward0>)
tensor(9936.1982, device='cuda:0', grad_fn=<MseLossBackward0>)
tensor(9936.2207, device='cuda:0', grad_fn=<MseLossBackward0>)
tensor(9936.1934, device='cuda:0', grad_fn=<MseLossBackward0>)
tensor(9936.2207, device='cuda:0', grad_fn=<MseLossBackward0>)
tensor(9936.1963, device='cuda:0', grad_fn=<MseLossBackward0>)
tensor(9936.2031, device='cuda:0', grad_fn=<MseLossBackward0>)
tensor(9936.1807, device='cuda:0', grad_fn=<MseLossBackward0>)
tensor(9936.2070, device='cuda:0', grad_fn=<MseLossBackward0>)
tensor(9936.1904, device='cuda:0', grad_fn=<MseLossBackward0>)
tensor(9936.2100, device='cuda:0', grad_fn=<MseLossBackward0>)
tensor(9936.1807, device='cuda:0', grad_fn=<MseLossBackward0>)
tensor(9936.1885, device='cuda:0', grad_fn=<MseLossBackward0>)
tensor(9936.1689, device='cuda:0', grad_fn=<MseLossBackward0>)
tensor(9936.2051, device='cuda:0', grad_fn=<MseLossBackward0>)
tensor(9936.1689, device='cuda:0', grad_fn=<MseLossBackward0>)
tensor(9936.1924, device='cuda:0', grad_fn=<MseLossBackward0>)
tensor(9936.1709, device='cuda:0', grad_fn=<MseLossBackward0>)
tensor(9936.1748, device='cuda:0', grad_fn=<MseLossBackward0>)
tensor(9936.1758, device='cuda:0', grad_fn=<MseLossBackward0>)
tensor(9936.1719, device='cuda:0', grad_fn=<MseLossBackward0>)
tensor(9936.1699, device='cuda:0', grad_fn=<MseLossBackward0>)
tensor(9936.1719, device='cuda:0', grad_fn=<MseLossBackward0>)
tensor(9936.1670, device='cuda:0', grad_fn=<MseLossBackward0>)
tensor(9936.1826, device='cuda:0', grad_fn=<MseLossBackward0>)
tensor(9936.1670, device='cuda:0', grad_fn=<MseLossBackward0>)
tensor(9936.1836, device='cuda:0', grad_fn=<MseLossBackward0>)
tensor(9936.1670, device='cuda:0', grad_fn=<MseLossBackward0>)
tensor(9936.1865, device='cuda:0', grad_fn=<MseLossBackward0>)
tensor(9936.1719, device='cuda:0', grad_fn=<MseLossBackward0>)
tensor(9936.1836, device='cuda:0', grad_fn=<MseLossBackward0>)
tensor(9936.1582, device='cuda:0', grad_fn=<MseLossBackward0>)
tensor(9936.1992, device='cuda:0', grad_fn=<MseLossBackward0>)
tensor(9936.1592, device='cuda:0', grad_fn=<MseLossBackward0>)
tensor(9936.1943, device='cuda:0', grad_fn=<MseLossBackward0>)
tensor(9936.1631, device='cuda:0', grad_fn=<MseLossBackward0>)
tensor(9936.1934, device='cuda:0', grad_fn=<MseLossBackward0>)
tensor(9936.1650, device='cuda:0', grad_fn=<MseLossBackward0>)
tensor(9936.1865, device='cuda:0', grad_fn=<MseLossBackward0>)
tensor(9936.1562, device='cuda:0', grad_fn=<MseLossBackward0>)
tensor(9936.2002, device='cuda:0', grad_fn=<MseLossBackward0>)
tensor(9936.1650, device='cuda:0', grad_fn=<MseLossBackward0>)
tensor(9936.1953, device='cuda:0', grad_fn=<MseLossBackward0>)
tensor(9936.1572, device='cuda:0', grad_fn=<MseLossBackward0>)
tensor(9936.1885, device='cuda:0', grad_fn=<MseLossBackward0>)
tensor(9936.1660, device='cuda:0', grad_fn=<MseLossBackward0>)
tensor(9936.1865, device='cuda:0', grad_fn=<MseLossBackward0>)
tensor(9936.1582, device='cuda:0', grad_fn=<MseLossBackward0>)
tensor(9936.1924, device='cuda:0', grad_fn=<MseLossBackward0>)
tensor(9936.1504, device='cuda:0', grad_fn=<MseLossBackward0>)
tensor(9936.1904, device='cuda:0', grad_fn=<MseLossBackward0>)
tensor(9936.1553, device='cuda:0', grad_fn=<MseLossBackward0>)
tensor(9936.1807, device='cuda:0', grad_fn=<MseLossBackward0>)
tensor(9936.1621, device='cuda:0', grad_fn=<MseLossBackward0>)
tensor(9936.1768, device='cuda:0', grad_fn=<MseLossBackward0>)
tensor(9936.1553, device='cuda:0', grad_fn=<MseLossBackward0>)
tensor(9936.1689, device='cuda:0', grad_fn=<MseLossBackward0>)
tensor(9936.1572, device='cuda:0', grad_fn=<MseLossBackward0>)
tensor(9936.1777, device='cuda:0', grad_fn=<MseLossBackward0>)
tensor(9936.1533, device='cuda:0', grad_fn=<MseLossBackward0>)
tensor(9936.1816, device='cuda:0', grad_fn=<MseLossBackward0>)
tensor(9936.1553, device='cuda:0', grad_fn=<MseLossBackward0>)
tensor(9936.1631, device='cuda:0', grad_fn=<MseLossBackward0>)
tensor(9936.1484, device='cuda:0', grad_fn=<MseLossBackward0>)
tensor(9936.1787, device='cuda:0', grad_fn=<MseLossBackward0>)
tensor(9936.1514, device='cuda:0', grad_fn=<MseLossBackward0>)
tensor(9936.1807, device='cuda:0', grad_fn=<MseLossBackward0>)
tensor(9936.1494, device='cuda:0', grad_fn=<MseLossBackward0>)
tensor(9936.1748, device='cuda:0', grad_fn=<MseLossBackward0>)
tensor(9936.1455, device='cuda:0', grad_fn=<MseLossBackward0>)
tensor(9936.1729, device='cuda:0', grad_fn=<MseLossBackward0>)
tensor(9936.1504, device='cuda:0', grad_fn=<MseLossBackward0>)
tensor(9936.1885, device='cuda:0', grad_fn=<MseLossBackward0>)
tensor(9936.1445, device='cuda:0', grad_fn=<MseLossBackward0>)
tensor(9936.1865, device='cuda:0', grad_fn=<MseLossBackward0>)
tensor(9936.1514, device='cuda:0', grad_fn=<MseLossBackward0>)
tensor(9936.1816, device='cuda:0', grad_fn=<MseLossBackward0>)
tensor(9936.1426, device='cuda:0', grad_fn=<MseLossBackward0>)
tensor(9936.1738, device='cuda:0', grad_fn=<MseLossBackward0>)
tensor(9936.1445, device='cuda:0', grad_fn=<MseLossBackward0>)
tensor(9936.1943, device='cuda:0', grad_fn=<MseLossBackward0>)
tensor(9936.1357, device='cuda:0', grad_fn=<MseLossBackward0>)
tensor(9936.1885, device='cuda:0', grad_fn=<MseLossBackward0>)
tensor(9936.1250, device='cuda:0', grad_fn=<MseLossBackward0>)
tensor(9936.1650, device='cuda:0', grad_fn=<MseLossBackward0>)
tensor(9936.1299, device='cuda:0', grad_fn=<MseLossBackward0>)
tensor(9936.1885, device='cuda:0', grad_fn=<MseLossBackward0>)
tensor(9936.1250, device='cuda:0', grad_fn=<MseLossBackward0>)
tensor(9936.1689, device='cuda:0', grad_fn=<MseLossBackward0>)
tensor(9936.1406, device='cuda:0', grad_fn=<MseLossBackward0>)
tensor(9936.1670, device='cuda:0', grad_fn=<MseLossBackward0>)
tensor(9936.1416, device='cuda:0', grad_fn=<MseLossBackward0>)
tensor(9936.1621, device='cuda:0', grad_fn=<MseLossBackward0>)
tensor(9936.1436, device='cuda:0', grad_fn=<MseLossBackward0>)
tensor(9936.1699, device='cuda:0', grad_fn=<MseLossBackward0>)
tensor(9936.1318, device='cuda:0', grad_fn=<MseLossBackward0>)
tensor(9936.1689, device='cuda:0', grad_fn=<MseLossBackward0>)
tensor(9936.1318, device='cuda:0', grad_fn=<MseLossBackward0>)
tensor(9936.1699, device='cuda:0', grad_fn=<MseLossBackward0>)
tensor(9936.1270, device='cuda:0', grad_fn=<MseLossBackward0>)
tensor(9936.1650, device='cuda:0', grad_fn=<MseLossBackward0>)
tensor(9936.1299, device='cuda:0', grad_fn=<MseLossBackward0>)
tensor(9936.1670, device='cuda:0', grad_fn=<MseLossBackward0>)
tensor(9936.1367, device='cuda:0', grad_fn=<MseLossBackward0>)
tensor(9936.1611, device='cuda:0', grad_fn=<MseLossBackward0>)
tensor(9936.1348, device='cuda:0', grad_fn=<MseLossBackward0>)
tensor(9936.1572, device='cuda:0', grad_fn=<MseLossBackward0>)
tensor(9936.1348, device='cuda:0', grad_fn=<MseLossBackward0>)
tensor(9936.1611, device='cuda:0', grad_fn=<MseLossBackward0>)
tensor(9936.1348, device='cuda:0', grad_fn=<MseLossBackward0>)
tensor(9936.1553, device='cuda:0', grad_fn=<MseLossBackward0>)
tensor(9936.1318, device='cuda:0', grad_fn=<MseLossBackward0>)
tensor(9936.1416, device='cuda:0', grad_fn=<MseLossBackward0>)
tensor(9936.1182, device='cuda:0', grad_fn=<MseLossBackward0>)
tensor(9936.0957, device='cuda:0', grad_fn=<MseLossBackward0>)
tensor(9936.0791, device='cuda:0', grad_fn=<MseLossBackward0>)
tensor(9936.0654, device='cuda:0', grad_fn=<MseLossBackward0>)
tensor(9936.0605, device='cuda:0', grad_fn=<MseLossBackward0>)
tensor(9936.0469, device='cuda:0', grad_fn=<MseLossBackward0>)
tensor(9936.0449, device='cuda:0', grad_fn=<MseLossBackward0>)
tensor(9936.0352, device='cuda:0', grad_fn=<MseLossBackward0>)
tensor(9936.0273, device='cuda:0', grad_fn=<MseLossBackward0>)
tensor(9936.0234, device='cuda:0', grad_fn=<MseLossBackward0>)
tensor(9936.0186, device='cuda:0', grad_fn=<MseLossBackward0>)
tensor(9936.0117, device='cuda:0', grad_fn=<MseLossBackward0>)
tensor(9936.0137, device='cuda:0', grad_fn=<MseLossBackward0>)
tensor(9936.0137, device='cuda:0', grad_fn=<MseLossBackward0>)
tensor(9936.0088, device='cuda:0', grad_fn=<MseLossBackward0>)
tensor(9936.0078, device='cuda:0', grad_fn=<MseLossBackward0>)
tensor(9936.0029, device='cuda:0', grad_fn=<MseLossBackward0>)
tensor(9936., device='cuda:0', grad_fn=<MseLossBackward0>)
tensor(9936.0029, device='cuda:0', grad_fn=<MseLossBackward0>)
tensor(9936.0020, device='cuda:0', grad_fn=<MseLossBackward0>)
tensor(9935.9951, device='cuda:0', grad_fn=<MseLossBackward0>)
tensor(9935.9971, device='cuda:0', grad_fn=<MseLossBackward0>)
tensor(9935.9980, device='cuda:0', grad_fn=<MseLossBackward0>)
tensor(9935.9990, device='cuda:0', grad_fn=<MseLossBackward0>)
tensor(9935.9932, device='cuda:0', grad_fn=<MseLossBackward0>)
tensor(9935.9932, device='cuda:0', grad_fn=<MseLossBackward0>)
tensor(9935.9932, device='cuda:0', grad_fn=<MseLossBackward0>)
tensor(9935.9922, device='cuda:0', grad_fn=<MseLossBackward0>)
tensor(9935.9932, device='cuda:0', grad_fn=<MseLossBackward0>)
tensor(9935.9932, device='cuda:0', grad_fn=<MseLossBackward0>)
tensor(9935.9902, device='cuda:0', grad_fn=<MseLossBackward0>)
tensor(9935.9883, device='cuda:0', grad_fn=<MseLossBackward0>)
tensor(9935.9912, device='cuda:0', grad_fn=<MseLossBackward0>)
tensor(9935.9902, device='cuda:0', grad_fn=<MseLossBackward0>)
tensor(9935.9893, device='cuda:0', grad_fn=<MseLossBackward0>)
tensor(9935.9873, device='cuda:0', grad_fn=<MseLossBackward0>)
tensor(9935.9834, device='cuda:0', grad_fn=<MseLossBackward0>)
tensor(9935.9854, device='cuda:0', grad_fn=<MseLossBackward0>)
tensor(9935.9854, device='cuda:0', grad_fn=<MseLossBackward0>)
tensor(9935.9814, device='cuda:0', grad_fn=<MseLossBackward0>)
tensor(9935.9824, device='cuda:0', grad_fn=<MseLossBackward0>)
tensor(9935.9854, device='cuda:0', grad_fn=<MseLossBackward0>)
tensor(9935.9844, device='cuda:0', grad_fn=<MseLossBackward0>)
tensor(9935.9805, device='cuda:0', grad_fn=<MseLossBackward0>)
tensor(9935.9805, device='cuda:0', grad_fn=<MseLossBackward0>)
tensor(9935.9785, device='cuda:0', grad_fn=<MseLossBackward0>)
tensor(9935.9834, device='cuda:0', grad_fn=<MseLossBackward0>)
tensor(9935.9814, device='cuda:0', grad_fn=<MseLossBackward0>)
tensor(9935.9756, device='cuda:0', grad_fn=<MseLossBackward0>)
tensor(9935.9805, device='cuda:0', grad_fn=<MseLossBackward0>)
tensor(9935.9814, device='cuda:0', grad_fn=<MseLossBackward0>)
tensor(9935.9756, device='cuda:0', grad_fn=<MseLossBackward0>)
tensor(9935.9785, device='cuda:0', grad_fn=<MseLossBackward0>)
tensor(9935.9805, device='cuda:0', grad_fn=<MseLossBackward0>)
tensor(9935.9805, device='cuda:0', grad_fn=<MseLossBackward0>)
tensor(9935.9785, device='cuda:0', grad_fn=<MseLossBackward0>)
tensor(9935.9814, device='cuda:0', grad_fn=<MseLossBackward0>)
tensor(9935.9775, device='cuda:0', grad_fn=<MseLossBackward0>)
tensor(9935.9756, device='cuda:0', grad_fn=<MseLossBackward0>)
tensor(9935.9756, device='cuda:0', grad_fn=<MseLossBackward0>)
tensor(9935.9766, device='cuda:0', grad_fn=<MseLossBackward0>)
tensor(9935.9717, device='cuda:0', grad_fn=<MseLossBackward0>)
tensor(9935.9756, device='cuda:0', grad_fn=<MseLossBackward0>)
tensor(9935.9736, device='cuda:0', grad_fn=<MseLossBackward0>)
tensor(9935.9688, device='cuda:0', grad_fn=<MseLossBackward0>)
tensor(9935.9717, device='cuda:0', grad_fn=<MseLossBackward0>)
tensor(9935.9688, device='cuda:0', grad_fn=<MseLossBackward0>)
tensor(9935.9736, device='cuda:0', grad_fn=<MseLossBackward0>)
tensor(9935.9707, device='cuda:0', grad_fn=<MseLossBackward0>)
tensor(9935.9736, device='cuda:0', grad_fn=<MseLossBackward0>)
tensor(9935.9688, device='cuda:0', grad_fn=<MseLossBackward0>)
tensor(9935.9648, device='cuda:0', grad_fn=<MseLossBackward0>)
tensor(9935.9717, device='cuda:0', grad_fn=<MseLossBackward0>)
tensor(9935.9668, device='cuda:0', grad_fn=<MseLossBackward0>)
tensor(9935.9668, device='cuda:0', grad_fn=<MseLossBackward0>)
tensor(9935.9639, device='cuda:0', grad_fn=<MseLossBackward0>)
tensor(9935.9648, device='cuda:0', grad_fn=<MseLossBackward0>)
tensor(9935.9658, device='cuda:0', grad_fn=<MseLossBackward0>)
tensor(9935.9707, device='cuda:0', grad_fn=<MseLossBackward0>)
tensor(9935.9648, device='cuda:0', grad_fn=<MseLossBackward0>)
tensor(9935.9600, device='cuda:0', grad_fn=<MseLossBackward0>)
tensor(9935.9668, device='cuda:0', grad_fn=<MseLossBackward0>)
tensor(9935.9648, device='cuda:0', grad_fn=<MseLossBackward0>)
tensor(9935.9639, device='cuda:0', grad_fn=<MseLossBackward0>)
tensor(9935.9639, device='cuda:0', grad_fn=<MseLossBackward0>)
tensor(9935.9648, device='cuda:0', grad_fn=<MseLossBackward0>)
tensor(9935.9570, device='cuda:0', grad_fn=<MseLossBackward0>)
tensor(9935.9639, device='cuda:0', grad_fn=<MseLossBackward0>)
tensor(9935.9678, device='cuda:0', grad_fn=<MseLossBackward0>)
tensor(9935.9639, device='cuda:0', grad_fn=<MseLossBackward0>)
tensor(9935.9619, device='cuda:0', grad_fn=<MseLossBackward0>)
tensor(9935.9570, device='cuda:0', grad_fn=<MseLossBackward0>)
tensor(9935.9600, device='cuda:0', grad_fn=<MseLossBackward0>)
tensor(9935.9570, device='cuda:0', grad_fn=<MseLossBackward0>)
tensor(9935.9619, device='cuda:0', grad_fn=<MseLossBackward0>)
tensor(9935.9600, device='cuda:0', grad_fn=<MseLossBackward0>)
tensor(9935.9590, device='cuda:0', grad_fn=<MseLossBackward0>)
tensor(9935.9590, device='cuda:0', grad_fn=<MseLossBackward0>)
tensor(9935.9619, device='cuda:0', grad_fn=<MseLossBackward0>)
tensor(9935.9561, device='cuda:0', grad_fn=<MseLossBackward0>)
tensor(9935.9600, device='cuda:0', grad_fn=<MseLossBackward0>)
tensor(9935.9531, device='cuda:0', grad_fn=<MseLossBackward0>)
tensor(9935.9590, device='cuda:0', grad_fn=<MseLossBackward0>)
tensor(9935.9600, device='cuda:0', grad_fn=<MseLossBackward0>)
tensor(9935.9590, device='cuda:0', grad_fn=<MseLossBackward0>)
tensor(9935.9570, device='cuda:0', grad_fn=<MseLossBackward0>)
tensor(9935.9570, device='cuda:0', grad_fn=<MseLossBackward0>)
tensor(9935.9570, device='cuda:0', grad_fn=<MseLossBackward0>)
tensor(9935.9551, device='cuda:0', grad_fn=<MseLossBackward0>)
tensor(9935.9551, device='cuda:0', grad_fn=<MseLossBackward0>)
tensor(9935.9521, device='cuda:0', grad_fn=<MseLossBackward0>)
tensor(9935.9531, device='cuda:0', grad_fn=<MseLossBackward0>)
tensor(9935.9521, device='cuda:0', grad_fn=<MseLossBackward0>)
tensor(9935.9502, device='cuda:0', grad_fn=<MseLossBackward0>)
tensor(9935.9551, device='cuda:0', grad_fn=<MseLossBackward0>)
tensor(9935.9521, device='cuda:0', grad_fn=<MseLossBackward0>)
tensor(9935.9561, device='cuda:0', grad_fn=<MseLossBackward0>)
tensor(9935.9541, device='cuda:0', grad_fn=<MseLossBackward0>)
tensor(9935.9492, device='cuda:0', grad_fn=<MseLossBackward0>)
tensor(9935.9502, device='cuda:0', grad_fn=<MseLossBackward0>)
tensor(9935.9531, device='cuda:0', grad_fn=<MseLossBackward0>)
tensor(9935.9473, device='cuda:0', grad_fn=<MseLossBackward0>)
tensor(9935.9473, device='cuda:0', grad_fn=<MseLossBackward0>)
tensor(9935.9521, device='cuda:0', grad_fn=<MseLossBackward0>)
tensor(9935.9492, device='cuda:0', grad_fn=<MseLossBackward0>)
tensor(9935.9521, device='cuda:0', grad_fn=<MseLossBackward0>)
tensor(9935.9482, device='cuda:0', grad_fn=<MseLossBackward0>)
tensor(9935.9521, device='cuda:0', grad_fn=<MseLossBackward0>)
tensor(9935.9531, device='cuda:0', grad_fn=<MseLossBackward0>)
tensor(9935.9521, device='cuda:0', grad_fn=<MseLossBackward0>)
tensor(9935.9502, device='cuda:0', grad_fn=<MseLossBackward0>)
tensor(9935.9453, device='cuda:0', grad_fn=<MseLossBackward0>)
tensor(9935.9492, device='cuda:0', grad_fn=<MseLossBackward0>)
tensor(9935.9482, device='cuda:0', grad_fn=<MseLossBackward0>)
tensor(9935.9453, device='cuda:0', grad_fn=<MseLossBackward0>)
tensor(9935.9463, device='cuda:0', grad_fn=<MseLossBackward0>)
tensor(9935.9434, device='cuda:0', grad_fn=<MseLossBackward0>)
tensor(9935.9531, device='cuda:0', grad_fn=<MseLossBackward0>)
tensor(9935.9473, device='cuda:0', grad_fn=<MseLossBackward0>)
tensor(9935.9531, device='cuda:0', grad_fn=<MseLossBackward0>)
tensor(9935.9482, device='cuda:0', grad_fn=<MseLossBackward0>)
tensor(9935.9521, device='cuda:0', grad_fn=<MseLossBackward0>)
tensor(9935.9473, device='cuda:0', grad_fn=<MseLossBackward0>)
tensor(9935.9473, device='cuda:0', grad_fn=<MseLossBackward0>)
tensor(9935.9443, device='cuda:0', grad_fn=<MseLossBackward0>)
tensor(9935.9443, device='cuda:0', grad_fn=<MseLossBackward0>)
tensor(9935.9434, device='cuda:0', grad_fn=<MseLossBackward0>)
tensor(9935.9453, device='cuda:0', grad_fn=<MseLossBackward0>)
tensor(9935.9404, device='cuda:0', grad_fn=<MseLossBackward0>)
tensor(9935.9502, device='cuda:0', grad_fn=<MseLossBackward0>)
tensor(9935.9424, device='cuda:0', grad_fn=<MseLossBackward0>)
tensor(9935.9434, device='cuda:0', grad_fn=<MseLossBackward0>)
tensor(9935.9414, device='cuda:0', grad_fn=<MseLossBackward0>)
tensor(9935.9424, device='cuda:0', grad_fn=<MseLossBackward0>)
tensor(9935.9404, device='cuda:0', grad_fn=<MseLossBackward0>)
tensor(9935.9434, device='cuda:0', grad_fn=<MseLossBackward0>)
tensor(9935.9453, device='cuda:0', grad_fn=<MseLossBackward0>)
tensor(9935.9424, device='cuda:0', grad_fn=<MseLossBackward0>)
tensor(9935.9404, device='cuda:0', grad_fn=<MseLossBackward0>)
tensor(9935.9414, device='cuda:0', grad_fn=<MseLossBackward0>)
tensor(9935.9355, device='cuda:0', grad_fn=<MseLossBackward0>)
tensor(9935.9404, device='cuda:0', grad_fn=<MseLossBackward0>)
tensor(9935.9404, device='cuda:0', grad_fn=<MseLossBackward0>)
tensor(9935.9404, device='cuda:0', grad_fn=<MseLossBackward0>)
tensor(9935.9424, device='cuda:0', grad_fn=<MseLossBackward0>)
tensor(9935.9365, device='cuda:0', grad_fn=<MseLossBackward0>)
tensor(9935.9365, device='cuda:0', grad_fn=<MseLossBackward0>)
tensor(9935.9414, device='cuda:0', grad_fn=<MseLossBackward0>)
tensor(9935.9424, device='cuda:0', grad_fn=<MseLossBackward0>)
tensor(9935.9385, device='cuda:0', grad_fn=<MseLossBackward0>)
tensor(9935.9385, device='cuda:0', grad_fn=<MseLossBackward0>)
tensor(9935.9395, device='cuda:0', grad_fn=<MseLossBackward0>)
tensor(9935.9375, device='cuda:0', grad_fn=<MseLossBackward0>)
tensor(9935.9355, device='cuda:0', grad_fn=<MseLossBackward0>)
tensor(9935.9365, device='cuda:0', grad_fn=<MseLossBackward0>)
tensor(9935.9404, device='cuda:0', grad_fn=<MseLossBackward0>)
tensor(9935.9365, device='cuda:0', grad_fn=<MseLossBackward0>)
tensor(9935.9365, device='cuda:0', grad_fn=<MseLossBackward0>)
tensor(9935.9375, device='cuda:0', grad_fn=<MseLossBackward0>)
tensor(9935.9365, device='cuda:0', grad_fn=<MseLossBackward0>)
tensor(9935.9404, device='cuda:0', grad_fn=<MseLossBackward0>)
tensor(9935.9424, device='cuda:0', grad_fn=<MseLossBackward0>)
tensor(9935.9336, device='cuda:0', grad_fn=<MseLossBackward0>)
tensor(9935.9404, device='cuda:0', grad_fn=<MseLossBackward0>)
tensor(9935.9355, device='cuda:0', grad_fn=<MseLossBackward0>)
tensor(9935.9336, device='cuda:0', grad_fn=<MseLossBackward0>)
tensor(9935.9365, device='cuda:0', grad_fn=<MseLossBackward0>)
tensor(9935.9336, device='cuda:0', grad_fn=<MseLossBackward0>)
tensor(9935.9355, device='cuda:0', grad_fn=<MseLossBackward0>)
tensor(9935.9355, device='cuda:0', grad_fn=<MseLossBackward0>)
tensor(9935.9336, device='cuda:0', grad_fn=<MseLossBackward0>)
tensor(9935.9385, device='cuda:0', grad_fn=<MseLossBackward0>)
tensor(9935.9316, device='cuda:0', grad_fn=<MseLossBackward0>)
tensor(9935.9365, device='cuda:0', grad_fn=<MseLossBackward0>)
tensor(9935.9307, device='cuda:0', grad_fn=<MseLossBackward0>)
tensor(9935.9385, device='cuda:0', grad_fn=<MseLossBackward0>)
tensor(9935.9355, device='cuda:0', grad_fn=<MseLossBackward0>)
tensor(9935.9336, device='cuda:0', grad_fn=<MseLossBackward0>)
tensor(9935.9307, device='cuda:0', grad_fn=<MseLossBackward0>)
/gpfs/mariana/home/akkusu/TBT-practice/adversarialbox/utils.py:37: UserWarning: volatile was removed and now has no effect. Use `with torch.no_grad():` instead.
  return Variable(x, requires_grad=requires_grad, volatile=volatile)
Got 9312/10000 correct (93.12%) on the clean data
/gpfs/mariana/home/akkusu/311env/lib64/python3.11/site-packages/torch/optim/lr_scheduler.py:224: UserWarning: Detected call of `lr_scheduler.step()` before `optimizer.step()`. In PyTorch 1.1.0 and later, you should call them in the opposite order: `optimizer.step()` before `lr_scheduler.step()`.  Failure to do this will result in PyTorch skipping the first value of the learning rate schedule. See more details at https://pytorch.org/docs/stable/optim.html#how-to-adjust-learning-rate
  warnings.warn(
Got 2056/10000 correct (20.56%) on the clean data
Starting epoch 1 / 200
tensor(7.5953, device='cuda:0')
Starting epoch 2 / 200
tensor(5.6003, device='cuda:0')
Starting epoch 3 / 200
tensor(2.7102, device='cuda:0')
Starting epoch 4 / 200
tensor(1.0971, device='cuda:0')
Starting epoch 5 / 200
tensor(0.6308, device='cuda:0')
Starting epoch 6 / 200
tensor(1.0511, device='cuda:0')
Starting epoch 7 / 200
tensor(1.7717, device='cuda:0')
Starting epoch 8 / 200
tensor(2.4573, device='cuda:0')
Starting epoch 9 / 200
tensor(2.6443, device='cuda:0')
Starting epoch 10 / 200
tensor(2.4483, device='cuda:0')
Starting epoch 11 / 200
tensor(1.9229, device='cuda:0')
Starting epoch 12 / 200
tensor(1.3628, device='cuda:0')
Starting epoch 13 / 200
tensor(0.9211, device='cuda:0')
Starting epoch 14 / 200
tensor(0.6481, device='cuda:0')
Starting epoch 15 / 200
tensor(0.4822, device='cuda:0')
Starting epoch 16 / 200
tensor(0.4176, device='cuda:0')
Starting epoch 17 / 200
tensor(0.4123, device='cuda:0')
Starting epoch 18 / 200
tensor(0.4423, device='cuda:0')
Starting epoch 19 / 200
tensor(0.4958, device='cuda:0')
Starting epoch 20 / 200
tensor(0.5693, device='cuda:0')
Starting epoch 21 / 200
tensor(0.6593, device='cuda:0')
Starting epoch 22 / 200
tensor(0.6961, device='cuda:0')
Starting epoch 23 / 200
tensor(0.6968, device='cuda:0')
Starting epoch 24 / 200
tensor(0.6435, device='cuda:0')
Starting epoch 25 / 200
tensor(0.6020, device='cuda:0')
Starting epoch 26 / 200
tensor(0.5126, device='cuda:0')
Starting epoch 27 / 200
tensor(0.4625, device='cuda:0')
Starting epoch 28 / 200
tensor(0.4144, device='cuda:0')
Starting epoch 29 / 200
tensor(0.3821, device='cuda:0')
Starting epoch 30 / 200
tensor(0.3713, device='cuda:0')
Starting epoch 31 / 200
tensor(0.3631, device='cuda:0')
Starting epoch 32 / 200
tensor(0.3670, device='cuda:0')
Starting epoch 33 / 200
tensor(0.3678, device='cuda:0')
Starting epoch 34 / 200
tensor(0.3742, device='cuda:0')
Starting epoch 35 / 200
tensor(0.3835, device='cuda:0')
Starting epoch 36 / 200
tensor(0.3861, device='cuda:0')
Starting epoch 37 / 200
tensor(0.3854, device='cuda:0')
Starting epoch 38 / 200
tensor(0.3864, device='cuda:0')
Starting epoch 39 / 200
tensor(0.3821, device='cuda:0')
Starting epoch 40 / 200
tensor(0.3791, device='cuda:0')
Starting epoch 41 / 200
tensor(0.3722, device='cuda:0')
Starting epoch 42 / 200
tensor(0.3550, device='cuda:0')
Starting epoch 43 / 200
tensor(0.3480, device='cuda:0')
Starting epoch 44 / 200
tensor(0.3384, device='cuda:0')
Starting epoch 45 / 200
tensor(0.3283, device='cuda:0')
Starting epoch 46 / 200
tensor(0.3117, device='cuda:0')
Starting epoch 47 / 200
tensor(0.3048, device='cuda:0')
Starting epoch 48 / 200
tensor(0.2968, device='cuda:0')
Starting epoch 49 / 200
tensor(0.2916, device='cuda:0')
Starting epoch 50 / 200
tensor(0.2886, device='cuda:0')
Got 9434/10000 correct (94.34%) on the clean data
Got 9094/10000 correct (90.94%) on the clean data
Starting epoch 51 / 200
tensor(0.2879, device='cuda:0')
Starting epoch 52 / 200
tensor(0.2872, device='cuda:0')
Starting epoch 53 / 200
tensor(0.2871, device='cuda:0')
Starting epoch 54 / 200
tensor(0.2874, device='cuda:0')
Starting epoch 55 / 200
tensor(0.2845, device='cuda:0')
Starting epoch 56 / 200
tensor(0.2840, device='cuda:0')
Starting epoch 57 / 200
tensor(0.2822, device='cuda:0')
Starting epoch 58 / 200
tensor(0.2800, device='cuda:0')
Starting epoch 59 / 200
tensor(0.2768, device='cuda:0')
Starting epoch 60 / 200
tensor(0.2743, device='cuda:0')
Starting epoch 61 / 200
tensor(0.2722, device='cuda:0')
Starting epoch 62 / 200
tensor(0.2701, device='cuda:0')
Starting epoch 63 / 200
tensor(0.2684, device='cuda:0')
Starting epoch 64 / 200
tensor(0.2668, device='cuda:0')
Starting epoch 65 / 200
tensor(0.2671, device='cuda:0')
Starting epoch 66 / 200
tensor(0.2673, device='cuda:0')
Starting epoch 67 / 200
tensor(0.2665, device='cuda:0')
Starting epoch 68 / 200
tensor(0.2664, device='cuda:0')
Starting epoch 69 / 200
tensor(0.2654, device='cuda:0')
Starting epoch 70 / 200
tensor(0.2654, device='cuda:0')
Starting epoch 71 / 200
tensor(0.2652, device='cuda:0')
Starting epoch 72 / 200
tensor(0.2643, device='cuda:0')
Starting epoch 73 / 200
tensor(0.2635, device='cuda:0')
Starting epoch 74 / 200
tensor(0.2631, device='cuda:0')
Starting epoch 75 / 200
tensor(0.2627, device='cuda:0')
Starting epoch 76 / 200
tensor(0.2623, device='cuda:0')
Starting epoch 77 / 200
tensor(0.2623, device='cuda:0')
Starting epoch 78 / 200
tensor(0.2621, device='cuda:0')
Starting epoch 79 / 200
tensor(0.2620, device='cuda:0')
Starting epoch 80 / 200
tensor(0.2617, device='cuda:0')
Starting epoch 81 / 200
tensor(0.2617, device='cuda:0')
Starting epoch 82 / 200
tensor(0.2615, device='cuda:0')
Starting epoch 83 / 200
tensor(0.2615, device='cuda:0')
Starting epoch 84 / 200
tensor(0.2615, device='cuda:0')
Starting epoch 85 / 200
tensor(0.2615, device='cuda:0')
Starting epoch 86 / 200
tensor(0.2615, device='cuda:0')
Starting epoch 87 / 200
tensor(0.2615, device='cuda:0')
Starting epoch 88 / 200
tensor(0.2613, device='cuda:0')
Starting epoch 89 / 200
tensor(0.2613, device='cuda:0')
Starting epoch 90 / 200
tensor(0.2613, device='cuda:0')
Starting epoch 91 / 200
tensor(0.2613, device='cuda:0')
Starting epoch 92 / 200
tensor(0.2613, device='cuda:0')
Starting epoch 93 / 200
tensor(0.2613, device='cuda:0')
Starting epoch 94 / 200
tensor(0.2612, device='cuda:0')
Starting epoch 95 / 200
tensor(0.2612, device='cuda:0')
Starting epoch 96 / 200
tensor(0.2612, device='cuda:0')
Starting epoch 97 / 200
tensor(0.2612, device='cuda:0')
Starting epoch 98 / 200
tensor(0.2612, device='cuda:0')
Starting epoch 99 / 200
tensor(0.2612, device='cuda:0')
Starting epoch 100 / 200
tensor(0.2612, device='cuda:0')
Got 9501/10000 correct (95.01%) on the clean data
Got 9085/10000 correct (90.85%) on the clean data
Starting epoch 101 / 200
tensor(0.2612, device='cuda:0')
Starting epoch 102 / 200
tensor(0.2612, device='cuda:0')
Starting epoch 103 / 200
tensor(0.2612, device='cuda:0')
Starting epoch 104 / 200
tensor(0.2612, device='cuda:0')
Starting epoch 105 / 200
tensor(0.2611, device='cuda:0')
Starting epoch 106 / 200
tensor(0.2611, device='cuda:0')
Starting epoch 107 / 200
tensor(0.2610, device='cuda:0')
Starting epoch 108 / 200
tensor(0.2610, device='cuda:0')
Starting epoch 109 / 200
tensor(0.2610, device='cuda:0')
Starting epoch 110 / 200
tensor(0.2610, device='cuda:0')
Starting epoch 111 / 200
tensor(0.2610, device='cuda:0')
Starting epoch 112 / 200
tensor(0.2610, device='cuda:0')
Starting epoch 113 / 200
tensor(0.2610, device='cuda:0')
Starting epoch 114 / 200
tensor(0.2610, device='cuda:0')
Starting epoch 115 / 200
tensor(0.2610, device='cuda:0')
Starting epoch 116 / 200
tensor(0.2609, device='cuda:0')
Starting epoch 117 / 200
tensor(0.2609, device='cuda:0')
Starting epoch 118 / 200
tensor(0.2609, device='cuda:0')
Starting epoch 119 / 200
tensor(0.2609, device='cuda:0')
Starting epoch 120 / 200
tensor(0.2609, device='cuda:0')
Starting epoch 121 / 200
tensor(0.2609, device='cuda:0')
Starting epoch 122 / 200
tensor(0.2609, device='cuda:0')
Starting epoch 123 / 200
tensor(0.2609, device='cuda:0')
Starting epoch 124 / 200
tensor(0.2609, device='cuda:0')
Starting epoch 125 / 200
tensor(0.2609, device='cuda:0')
Starting epoch 126 / 200
tensor(0.2609, device='cuda:0')
Starting epoch 127 / 200
tensor(0.2609, device='cuda:0')
Starting epoch 128 / 200
tensor(0.2609, device='cuda:0')
Starting epoch 129 / 200
tensor(0.2609, device='cuda:0')
Starting epoch 130 / 200
tensor(0.2609, device='cuda:0')
Starting epoch 131 / 200
tensor(0.2609, device='cuda:0')
Starting epoch 132 / 200
tensor(0.2609, device='cuda:0')
Starting epoch 133 / 200
tensor(0.2609, device='cuda:0')
Starting epoch 134 / 200
tensor(0.2609, device='cuda:0')
Starting epoch 135 / 200
tensor(0.2609, device='cuda:0')
Starting epoch 136 / 200
tensor(0.2609, device='cuda:0')
Starting epoch 137 / 200
tensor(0.2609, device='cuda:0')
Starting epoch 138 / 200
tensor(0.2609, device='cuda:0')
Starting epoch 139 / 200
tensor(0.2609, device='cuda:0')
Starting epoch 140 / 200
tensor(0.2609, device='cuda:0')
Starting epoch 141 / 200
tensor(0.2609, device='cuda:0')
Starting epoch 142 / 200
tensor(0.2609, device='cuda:0')
Starting epoch 143 / 200
tensor(0.2609, device='cuda:0')
Starting epoch 144 / 200
tensor(0.2609, device='cuda:0')
Starting epoch 145 / 200
tensor(0.2609, device='cuda:0')
Starting epoch 146 / 200
tensor(0.2609, device='cuda:0')
Starting epoch 147 / 200
tensor(0.2609, device='cuda:0')
Starting epoch 148 / 200
tensor(0.2609, device='cuda:0')
Starting epoch 149 / 200
tensor(0.2609, device='cuda:0')
Starting epoch 150 / 200
tensor(0.2609, device='cuda:0')
Got 9503/10000 correct (95.03%) on the clean data
Got 9084/10000 correct (90.84%) on the clean data
Starting epoch 151 / 200
tensor(0.2609, device='cuda:0')
Starting epoch 152 / 200
tensor(0.2609, device='cuda:0')
Starting epoch 153 / 200
tensor(0.2609, device='cuda:0')
Starting epoch 154 / 200
tensor(0.2609, device='cuda:0')
Starting epoch 155 / 200
tensor(0.2609, device='cuda:0')
Starting epoch 156 / 200
tensor(0.2609, device='cuda:0')
Starting epoch 157 / 200
tensor(0.2609, device='cuda:0')
Starting epoch 158 / 200
tensor(0.2609, device='cuda:0')
Starting epoch 159 / 200
tensor(0.2609, device='cuda:0')
Starting epoch 160 / 200
tensor(0.2609, device='cuda:0')
Starting epoch 161 / 200
tensor(0.2609, device='cuda:0')
Starting epoch 162 / 200
tensor(0.2609, device='cuda:0')
Starting epoch 163 / 200
tensor(0.2609, device='cuda:0')
Starting epoch 164 / 200
tensor(0.2609, device='cuda:0')
Starting epoch 165 / 200
tensor(0.2609, device='cuda:0')
Starting epoch 166 / 200
tensor(0.2609, device='cuda:0')
Starting epoch 167 / 200
tensor(0.2609, device='cuda:0')
Starting epoch 168 / 200
tensor(0.2609, device='cuda:0')
Starting epoch 169 / 200
tensor(0.2609, device='cuda:0')
Starting epoch 170 / 200
tensor(0.2609, device='cuda:0')
Starting epoch 171 / 200
tensor(0.2609, device='cuda:0')
Starting epoch 172 / 200
tensor(0.2609, device='cuda:0')
Starting epoch 173 / 200
tensor(0.2609, device='cuda:0')
Starting epoch 174 / 200
tensor(0.2609, device='cuda:0')
Starting epoch 175 / 200
tensor(0.2609, device='cuda:0')
Starting epoch 176 / 200
tensor(0.2609, device='cuda:0')
Starting epoch 177 / 200
tensor(0.2609, device='cuda:0')
Starting epoch 178 / 200
tensor(0.2609, device='cuda:0')
Starting epoch 179 / 200
tensor(0.2609, device='cuda:0')
Starting epoch 180 / 200
tensor(0.2609, device='cuda:0')
Starting epoch 181 / 200
tensor(0.2609, device='cuda:0')
Starting epoch 182 / 200
tensor(0.2609, device='cuda:0')
Starting epoch 183 / 200
tensor(0.2609, device='cuda:0')
Starting epoch 184 / 200
tensor(0.2609, device='cuda:0')
Starting epoch 185 / 200
tensor(0.2609, device='cuda:0')
Starting epoch 186 / 200
tensor(0.2609, device='cuda:0')
Starting epoch 187 / 200
tensor(0.2609, device='cuda:0')
Starting epoch 188 / 200
tensor(0.2609, device='cuda:0')
Starting epoch 189 / 200
tensor(0.2609, device='cuda:0')
Starting epoch 190 / 200
tensor(0.2609, device='cuda:0')
Starting epoch 191 / 200
tensor(0.2609, device='cuda:0')
Starting epoch 192 / 200
tensor(0.2609, device='cuda:0')
Starting epoch 193 / 200
tensor(0.2609, device='cuda:0')
Starting epoch 194 / 200
tensor(0.2609, device='cuda:0')
Starting epoch 195 / 200
tensor(0.2609, device='cuda:0')
Starting epoch 196 / 200
tensor(0.2609, device='cuda:0')
Starting epoch 197 / 200
tensor(0.2609, device='cuda:0')
Starting epoch 198 / 200
tensor(0.2609, device='cuda:0')
Starting epoch 199 / 200
tensor(0.2609, device='cuda:0')
Starting epoch 200 / 200
tensor(0.2609, device='cuda:0')
Got 9503/10000 correct (95.03%) on the clean data
Got 9084/10000 correct (90.84%) on the clean data
